#
# A fatal error has been detected by the Java Runtime Environment:
#
#  SIGSEGV (0xb) at pc=0x000000010be10210, pid=48245, tid=259
#
# JRE version: Java(TM) SE Runtime Environment (21.0.2+13) (build 21.0.2+13-LTS-58)
# Java VM: Java HotSpot(TM) 64-Bit Server VM (21.0.2+13-LTS-58, mixed mode, sharing, tiered, compressed oops, compressed class ptrs, g1 gc, bsd-aarch64)
# Problematic frame:
# V  [libjvm.dylib+0x584210]  JNIHandleBlock::allocate_handle(JavaThread*, oopDesc*, AllocFailStrategy::AllocFailEnum)+0x38
#
# No core dump will be written. Core dumps have been disabled. To enable core dumping, try "ulimit -c unlimited" before starting Java again
#
# If you would like to submit a bug report, please visit:
#   https://bugreport.java.com/bugreport/crash.jsp
#

---------------  S U M M A R Y ------------

Command Line: --module-path=/Users/seanachan/.gradle/caches/modules-2/files-2.1/org.openjfx/javafx-fxml/22.0.1/d8cde10384147ea2f9c99df68f0aaf2e439f7113/javafx-fxml-22.0.1-mac-aarch64.jar:/Users/seanachan/.gradle/caches/modules-2/files-2.1/org.openjfx/javafx-controls/22.0.1/461634308b581283dd704de9f196a6e9ca945f2a/javafx-controls-22.0.1-mac-aarch64.jar:/Users/seanachan/.gradle/caches/modules-2/files-2.1/org.openjfx/javafx-graphics/22.0.1/e353919d0174b1e4b760103d9ee894bac750e40b/javafx-graphics-22.0.1-mac-aarch64.jar:/Users/seanachan/.gradle/caches/modules-2/files-2.1/org.openjfx/javafx-base/22.0.1/fd9e52ab57af9a7cefebd71687884c02e7d619a3/javafx-base-22.0.1-mac-aarch64.jar --add-modules=javafx.controls,javafx.fxml -Dfile.encoding=UTF-8 -Duser.country=TW -Duser.language=zh -Duser.variant com.mario.Main

Host: "MacBookPro18,3" arm64, 10 cores, 16G, Darwin 23.2.0, macOS 14.2.1 (23C71)
Time: Thu Jun 13 11:21:50 2024 CST elapsed time: 7.304938 seconds (0d 0h 0m 7s)

---------------  T H R E A D  ---------------

Current thread is native thread

Stack: [0x000000016a99c000,0x000000016b198000],  sp=0x000000016b192b90,  free space=8154k
Native frames: (J=compiled Java code, j=interpreted, Vv=VM code, C=native code)
V  [libjvm.dylib+0x584210]  JNIHandleBlock::allocate_handle(JavaThread*, oopDesc*, AllocFailStrategy::AllocFailEnum)+0x38
V  [libjvm.dylib+0x540744]  jni_NewLocalRef+0x140
C  [libawt_lwawt.dylib+0x73acc]  -[MTLLayer blitCallback]+0x250
C  [libawt_lwawt.dylib+0x73c68]  -[MTLLayer display]+0x64
C  [QuartzCore+0x200e8]  CA::Layer::display_if_needed(CA::Transaction*)+0x2e0
C  [QuartzCore+0x1a5224]  CA::Context::commit_transaction(CA::Transaction*, double, double*)+0x200
C  [QuartzCore+0x2e9c]  CA::Transaction::commit()+0x288
C  [QuartzCore+0x1d7f38]  CA::Transaction::flush_as_runloop_observer(bool)+0x88
C  [CoreFoundation+0x7cdf0]  __CFRUNLOOP_IS_CALLING_OUT_TO_AN_OBSERVER_CALLBACK_FUNCTION__+0x24
C  [CoreFoundation+0x7ccdc]  __CFRunLoopDoObservers+0x214
C  [CoreFoundation+0x7c408]  __CFRunLoopRun+0x404
C  [CoreFoundation+0x7b9ac]  CFRunLoopRunSpecific+0x260
C  [libjli.dylib+0xd1b0]  CreateExecutionEnvironment+0x190
C  [libjli.dylib+0x92a0]  JLI_Launch+0x468
C  [java+0x3bb4]  main+0x18c
C  [dyld+0x60e0]  start+0x938

siginfo: si_signo: 11 (SIGSEGV), si_code: 2 (SEGV_ACCERR), si_addr: 0x0000000000000100

Registers:
 x0=0x0000000000000000  x1=0x000000014c120800  x2=0x000000070d9aa338  x3=0x0000000000000001
 x4=0x0000000000000000  x5=0x0000170300000000  x6=0x0000000000000002  x7=0x0000000000000000
 x8=0x000000014c00f400  x9=0x0000000000000000 x10=0x00005c0000005c00 x11=0x00005c0000005c02
x12=0x0000000000005c00 x13=0x00005c0000005c00 x14=0x010000014d795995 x15=0x000000014d795990
x16=0x0000000183da0b4c x17=0x00000001da585000 x18=0x0000000000000000 x19=0x000000070d9aa338
x20=0x0000000000000000 x21=0x0000000000000001 x22=0x000000014c120800 x23=0x0000000000000001
x24=0x000000010c550960 x25=0x0000000000000008 x26=0x000000016b192ca0 x27=0x0000000000000000
x28=0x0000000000000008  fp=0x000000016b192bc0  lr=0x000000010bdcc744  sp=0x000000016b192b90
pc=0x000000010be10210 cpsr=0x0000000060001000

Top of Stack: (sp=0x000000016b192b90)
0x000000016b192b90:   0000000000000001 000000010530a1b0
0x000000016b192ba0:   000000014d798000 000000013f48b809
0x000000016b192bb0:   0000000000000000 000000014c120800
0x000000016b192bc0:   000000016b192c10 000000010bdcc744
0x000000016b192bd0:   000000014c120800 0000000139020a10
0x000000016b192be0:   00000001000000a6 000000014c20a800
0x000000016b192bf0:   000000014d798000 000000010bdcc604
0x000000016b192c00:   000000013f7b41a0 000000014c120bb8
0x000000016b192c10:   000000016b192c50 000000014d737acc
0x000000016b192c20:   000000016b192c60 500a00018bf61afc
0x000000016b192c30:   000000010530a0a0 000000016b192d40
0x000000016b192c40:   000000013c191400 000000013f7b41a0
0x000000016b192c50:   000000016b192c90 000000014d737c68
0x000000016b192c60:   0000000000000001 000000010530a1b0
0x000000016b192c70:   000000010530a0a0 000000016b192d40
0x000000016b192c80:   000000013c191400 000000016b192cb0
0x000000016b192c90:   000000016b193d90 000000018bf620e8
0x000000016b192ca0:   0000000000000000 0000000000000010
0x000000016b192cb0:   0000000000000008 0000000000000001
0x000000016b192cc0:   0000000000000fe0 0000000000000800
0x000000016b192cd0:   000000016b192d40 000000016b192d40
0x000000016b192ce0:   000000016b192d40 0000000000000000
0x000000016b192cf0:   0000000000000001 000000013c191400
0x000000016b192d00:   000000016b192d20 0000020000000100
0x000000016b192d10:   0000000000000000 0000000000000000
0x000000016b192d20:   0000000000000000 000000016b192d50
0x000000016b192d30:   0000000000000fd0 0000000000000800
0x000000016b192d40:   0000000105309ed0 0000000000000000
0x000000016b192d50:   000000016b192d68 0000000000000fe0
0x000000016b192d60:   0000000000000800 0000000000000000
0x000000016b192d70:   0000000000000000 0000000000000000
0x000000016b192d80:   0000000000000000 0000000000000000 

Instructions: (pc=0x000000010be10210)
0x000000010be10110:   c0 03 5f d6 fd 7b bf a9 fd 03 00 91 08 3a 00 90
0x000000010be10120:   00 ad 44 f9 fd 7b c1 a8 c0 03 5f d6 fd 7b bf a9
0x000000010be10130:   fd 03 00 91 c0 2e 00 90 00 cc 18 91 21 01 80 52
0x000000010be10140:   24 26 0b 94 08 3a 00 90 00 a9 04 f9 c0 2e 00 90
0x000000010be10150:   00 f8 18 91 21 01 80 52 2a 26 0b 94 08 3a 00 90
0x000000010be10160:   00 ad 04 f9 fd 7b c1 a8 c0 03 5f d6 fd 7b bf a9
0x000000010be10170:   fd 03 00 91 e2 03 00 aa 80 39 00 90 00 e0 06 91
0x000000010be10180:   08 00 40 f9 00 01 3f d6 c2 00 00 b4 01 00 40 f9
0x000000010be10190:   20 14 42 f9 03 00 80 52 fd 7b c1 a8 0f 00 00 14
0x000000010be101a0:   00 00 80 d2 fd 7b c1 a8 c0 03 5f d6 e3 03 02 aa
0x000000010be101b0:   e2 03 01 aa e1 00 00 b4 fd 7b bf a9 fd 03 00 91
0x000000010be101c0:   e1 03 00 aa 00 14 42 f9 fd 7b c1 a8 03 00 00 14
0x000000010be101d0:   00 00 80 d2 c0 03 5f d6 f8 5f bc a9 f6 57 01 a9
0x000000010be101e0:   f4 4f 02 a9 fd 7b 03 a9 fd c3 00 91 f5 03 03 aa
0x000000010be101f0:   f3 03 02 aa f6 03 01 aa f4 03 00 aa 37 00 80 52
0x000000010be10200:   18 3a 00 90 18 83 25 91 02 00 00 14 88 8a 00 f9
0x000000010be10210:   88 02 41 b9 c8 00 00 34 88 8a 40 f9 09 01 81 b9
0x000000010be10220:   3f 7d 00 71 0c 02 00 54 79 00 00 14 88 86 40 f9
0x000000010be10230:   c8 00 00 b4 09 01 41 b9 89 00 00 34 1f 01 01 b9
0x000000010be10240:   08 85 40 f9 88 ff ff b5 9f 92 00 f9 9f 06 01 b9
0x000000010be10250:   e8 03 14 aa 94 8a 00 f9 09 01 81 b9 3f 7d 00 71
0x000000010be10260:   6d 0d 00 54 80 92 40 f9 a0 0d 00 b5 08 85 40 f9
0x000000010be10270:   e8 fc ff b5 88 06 41 b9 48 03 00 34 d6 00 00 b4
0x000000010be10280:   c0 1a 42 f9 80 00 00 b4 08 84 40 f9 c8 1a 02 f9
0x000000010be10290:   46 00 00 14 00 25 80 52 21 01 80 52 bf 06 00 71
0x000000010be102a0:   61 06 00 54 22 00 80 52 e3 eb ee 97 40 08 00 b4
0x000000010be102b0:   1f 90 00 f9 00 e4 00 6f 00 00 08 ad 00 00 07 ad
0x000000010be102c0:   00 00 06 ad 00 00 05 ad 00 00 04 ad 00 00 03 ad
0x000000010be102d0:   00 00 02 ad 00 00 01 ad 00 00 00 ad 31 00 00 14
0x000000010be102e0:   f4 07 00 b4 0b 00 80 d2 08 00 80 52 09 00 80 52
0x000000010be102f0:   ea 03 14 aa 04 00 00 14 29 05 00 11 4a 85 40 f9
0x000000010be10300:   ca 02 00 b4 4e 01 41 b9 df 05 00 71 6b ff ff 54 



---------------  P R O C E S S  ---------------

VM state: not at safepoint (normal execution)

VM Mutex/Monitor currently owned by a thread: None

Heap address: 0x0000000700000000, size: 4096 MB, Compressed Oops mode: Zero based, Oop shift amount: 3

CDS archive(s) mapped at: [0x0000007000000000-0x0000007000ca8000-0x0000007000ca8000), size 13271040, SharedBaseAddress: 0x0000007000000000, ArchiveRelocationMode: 1.
Compressed class space mapped at: 0x0000007001000000-0x0000007041000000, reserved size: 1073741824
Narrow klass base: 0x0000007000000000, Narrow klass shift: 0, Narrow klass range: 0x100000000

GC Precious Log:
<Skipped>

Heap:
 garbage-first heap   total 264192K, used 50288K [0x0000000700000000, 0x0000000800000000)
  region size 2048K, 22 young (45056K), 2 survivors (4096K)
 Metaspace       used 18749K, committed 19072K, reserved 1114112K
  class space    used 2450K, committed 2560K, reserved 1048576K

Heap Regions: E=young(eden), S=young(survivor), O=old, HS=humongous(starts), HC=humongous(continues), CS=collection set, F=free, TAMS=top-at-mark-start, PB=parsable bottom
|   0|0x0000000700000000, 0x0000000700200000, 0x0000000700200000|100%|HS|  |TAMS 0x0000000700000000| PB 0x0000000700000000| Complete 
|   1|0x0000000700200000, 0x0000000700400000, 0x0000000700400000|100%|HC|  |TAMS 0x0000000700200000| PB 0x0000000700200000| Complete 
|   2|0x0000000700400000, 0x0000000700600000, 0x0000000700600000|100%|HS|  |TAMS 0x0000000700400000| PB 0x0000000700400000| Complete 
|   3|0x0000000700600000, 0x0000000700600000, 0x0000000700800000|  0%| F|  |TAMS 0x0000000700600000| PB 0x0000000700600000| Untracked 
|   4|0x0000000700800000, 0x0000000700800000, 0x0000000700a00000|  0%| F|  |TAMS 0x0000000700800000| PB 0x0000000700800000| Untracked 
|   5|0x0000000700a00000, 0x0000000700a00000, 0x0000000700c00000|  0%| F|  |TAMS 0x0000000700a00000| PB 0x0000000700a00000| Untracked 
|   6|0x0000000700c00000, 0x0000000700c00000, 0x0000000700e00000|  0%| F|  |TAMS 0x0000000700c00000| PB 0x0000000700c00000| Untracked 
|   7|0x0000000700e00000, 0x0000000700e00000, 0x0000000701000000|  0%| F|  |TAMS 0x0000000700e00000| PB 0x0000000700e00000| Untracked 
|   8|0x0000000701000000, 0x0000000701000000, 0x0000000701200000|  0%| F|  |TAMS 0x0000000701000000| PB 0x0000000701000000| Untracked 
|   9|0x0000000701200000, 0x0000000701200000, 0x0000000701400000|  0%| F|  |TAMS 0x0000000701200000| PB 0x0000000701200000| Untracked 
|  10|0x0000000701400000, 0x0000000701400000, 0x0000000701600000|  0%| F|  |TAMS 0x0000000701400000| PB 0x0000000701400000| Untracked 
|  11|0x0000000701600000, 0x0000000701600000, 0x0000000701800000|  0%| F|  |TAMS 0x0000000701600000| PB 0x0000000701600000| Untracked 
|  12|0x0000000701800000, 0x0000000701800000, 0x0000000701a00000|  0%| F|  |TAMS 0x0000000701800000| PB 0x0000000701800000| Untracked 
|  13|0x0000000701a00000, 0x0000000701a00000, 0x0000000701c00000|  0%| F|  |TAMS 0x0000000701a00000| PB 0x0000000701a00000| Untracked 
|  14|0x0000000701c00000, 0x0000000701c00000, 0x0000000701e00000|  0%| F|  |TAMS 0x0000000701c00000| PB 0x0000000701c00000| Untracked 
|  15|0x0000000701e00000, 0x0000000701e00000, 0x0000000702000000|  0%| F|  |TAMS 0x0000000701e00000| PB 0x0000000701e00000| Untracked 
|  16|0x0000000702000000, 0x0000000702000000, 0x0000000702200000|  0%| F|  |TAMS 0x0000000702000000| PB 0x0000000702000000| Untracked 
|  17|0x0000000702200000, 0x0000000702200000, 0x0000000702400000|  0%| F|  |TAMS 0x0000000702200000| PB 0x0000000702200000| Untracked 
|  18|0x0000000702400000, 0x0000000702400000, 0x0000000702600000|  0%| F|  |TAMS 0x0000000702400000| PB 0x0000000702400000| Untracked 
|  19|0x0000000702600000, 0x0000000702600000, 0x0000000702800000|  0%| F|  |TAMS 0x0000000702600000| PB 0x0000000702600000| Untracked 
|  20|0x0000000702800000, 0x0000000702800000, 0x0000000702a00000|  0%| F|  |TAMS 0x0000000702800000| PB 0x0000000702800000| Untracked 
|  21|0x0000000702a00000, 0x0000000702a00000, 0x0000000702c00000|  0%| F|  |TAMS 0x0000000702a00000| PB 0x0000000702a00000| Untracked 
|  22|0x0000000702c00000, 0x0000000702c00000, 0x0000000702e00000|  0%| F|  |TAMS 0x0000000702c00000| PB 0x0000000702c00000| Untracked 
|  23|0x0000000702e00000, 0x0000000702e00000, 0x0000000703000000|  0%| F|  |TAMS 0x0000000702e00000| PB 0x0000000702e00000| Untracked 
|  24|0x0000000703000000, 0x0000000703000000, 0x0000000703200000|  0%| F|  |TAMS 0x0000000703000000| PB 0x0000000703000000| Untracked 
|  25|0x0000000703200000, 0x0000000703200000, 0x0000000703400000|  0%| F|  |TAMS 0x0000000703200000| PB 0x0000000703200000| Untracked 
|  26|0x0000000703400000, 0x0000000703400000, 0x0000000703600000|  0%| F|  |TAMS 0x0000000703400000| PB 0x0000000703400000| Untracked 
|  27|0x0000000703600000, 0x0000000703600000, 0x0000000703800000|  0%| F|  |TAMS 0x0000000703600000| PB 0x0000000703600000| Untracked 
|  28|0x0000000703800000, 0x0000000703800000, 0x0000000703a00000|  0%| F|  |TAMS 0x0000000703800000| PB 0x0000000703800000| Untracked 
|  29|0x0000000703a00000, 0x0000000703a00000, 0x0000000703c00000|  0%| F|  |TAMS 0x0000000703a00000| PB 0x0000000703a00000| Untracked 
|  30|0x0000000703c00000, 0x0000000703c00000, 0x0000000703e00000|  0%| F|  |TAMS 0x0000000703c00000| PB 0x0000000703c00000| Untracked 
|  31|0x0000000703e00000, 0x0000000703e00000, 0x0000000704000000|  0%| F|  |TAMS 0x0000000703e00000| PB 0x0000000703e00000| Untracked 
|  32|0x0000000704000000, 0x0000000704000000, 0x0000000704200000|  0%| F|  |TAMS 0x0000000704000000| PB 0x0000000704000000| Untracked 
|  33|0x0000000704200000, 0x0000000704200000, 0x0000000704400000|  0%| F|  |TAMS 0x0000000704200000| PB 0x0000000704200000| Untracked 
|  34|0x0000000704400000, 0x0000000704400000, 0x0000000704600000|  0%| F|  |TAMS 0x0000000704400000| PB 0x0000000704400000| Untracked 
|  35|0x0000000704600000, 0x0000000704600000, 0x0000000704800000|  0%| F|  |TAMS 0x0000000704600000| PB 0x0000000704600000| Untracked 
|  36|0x0000000704800000, 0x0000000704800000, 0x0000000704a00000|  0%| F|  |TAMS 0x0000000704800000| PB 0x0000000704800000| Untracked 
|  37|0x0000000704a00000, 0x0000000704a00000, 0x0000000704c00000|  0%| F|  |TAMS 0x0000000704a00000| PB 0x0000000704a00000| Untracked 
|  38|0x0000000704c00000, 0x0000000704c00000, 0x0000000704e00000|  0%| F|  |TAMS 0x0000000704c00000| PB 0x0000000704c00000| Untracked 
|  39|0x0000000704e00000, 0x0000000704e00000, 0x0000000705000000|  0%| F|  |TAMS 0x0000000704e00000| PB 0x0000000704e00000| Untracked 
|  40|0x0000000705000000, 0x0000000705000000, 0x0000000705200000|  0%| F|  |TAMS 0x0000000705000000| PB 0x0000000705000000| Untracked 
|  41|0x0000000705200000, 0x0000000705200000, 0x0000000705400000|  0%| F|  |TAMS 0x0000000705200000| PB 0x0000000705200000| Untracked 
|  42|0x0000000705400000, 0x0000000705400000, 0x0000000705600000|  0%| F|  |TAMS 0x0000000705400000| PB 0x0000000705400000| Untracked 
|  43|0x0000000705600000, 0x0000000705600000, 0x0000000705800000|  0%| F|  |TAMS 0x0000000705600000| PB 0x0000000705600000| Untracked 
|  44|0x0000000705800000, 0x0000000705800000, 0x0000000705a00000|  0%| F|  |TAMS 0x0000000705800000| PB 0x0000000705800000| Untracked 
|  45|0x0000000705a00000, 0x0000000705a00000, 0x0000000705c00000|  0%| F|  |TAMS 0x0000000705a00000| PB 0x0000000705a00000| Untracked 
|  46|0x0000000705c00000, 0x0000000705c00000, 0x0000000705e00000|  0%| F|  |TAMS 0x0000000705c00000| PB 0x0000000705c00000| Untracked 
|  47|0x0000000705e00000, 0x0000000705e00000, 0x0000000706000000|  0%| F|  |TAMS 0x0000000705e00000| PB 0x0000000705e00000| Untracked 
|  48|0x0000000706000000, 0x0000000706000000, 0x0000000706200000|  0%| F|  |TAMS 0x0000000706000000| PB 0x0000000706000000| Untracked 
|  49|0x0000000706200000, 0x0000000706200000, 0x0000000706400000|  0%| F|  |TAMS 0x0000000706200000| PB 0x0000000706200000| Untracked 
|  50|0x0000000706400000, 0x0000000706400000, 0x0000000706600000|  0%| F|  |TAMS 0x0000000706400000| PB 0x0000000706400000| Untracked 
|  51|0x0000000706600000, 0x0000000706600000, 0x0000000706800000|  0%| F|  |TAMS 0x0000000706600000| PB 0x0000000706600000| Untracked 
|  52|0x0000000706800000, 0x0000000706800000, 0x0000000706a00000|  0%| F|  |TAMS 0x0000000706800000| PB 0x0000000706800000| Untracked 
|  53|0x0000000706a00000, 0x0000000706a00000, 0x0000000706c00000|  0%| F|  |TAMS 0x0000000706a00000| PB 0x0000000706a00000| Untracked 
|  54|0x0000000706c00000, 0x0000000706c00000, 0x0000000706e00000|  0%| F|  |TAMS 0x0000000706c00000| PB 0x0000000706c00000| Untracked 
|  55|0x0000000706e00000, 0x0000000706e00000, 0x0000000707000000|  0%| F|  |TAMS 0x0000000706e00000| PB 0x0000000706e00000| Untracked 
|  56|0x0000000707000000, 0x0000000707000000, 0x0000000707200000|  0%| F|  |TAMS 0x0000000707000000| PB 0x0000000707000000| Untracked 
|  57|0x0000000707200000, 0x0000000707200000, 0x0000000707400000|  0%| F|  |TAMS 0x0000000707200000| PB 0x0000000707200000| Untracked 
|  58|0x0000000707400000, 0x0000000707400000, 0x0000000707600000|  0%| F|  |TAMS 0x0000000707400000| PB 0x0000000707400000| Untracked 
|  59|0x0000000707600000, 0x0000000707600000, 0x0000000707800000|  0%| F|  |TAMS 0x0000000707600000| PB 0x0000000707600000| Untracked 
|  60|0x0000000707800000, 0x0000000707800000, 0x0000000707a00000|  0%| F|  |TAMS 0x0000000707800000| PB 0x0000000707800000| Untracked 
|  61|0x0000000707a00000, 0x0000000707a00000, 0x0000000707c00000|  0%| F|  |TAMS 0x0000000707a00000| PB 0x0000000707a00000| Untracked 
|  62|0x0000000707c00000, 0x0000000707c00000, 0x0000000707e00000|  0%| F|  |TAMS 0x0000000707c00000| PB 0x0000000707c00000| Untracked 
|  63|0x0000000707e00000, 0x0000000707e00000, 0x0000000708000000|  0%| F|  |TAMS 0x0000000707e00000| PB 0x0000000707e00000| Untracked 
|  64|0x0000000708000000, 0x0000000708000000, 0x0000000708200000|  0%| F|  |TAMS 0x0000000708000000| PB 0x0000000708000000| Untracked 
|  65|0x0000000708200000, 0x0000000708200000, 0x0000000708400000|  0%| F|  |TAMS 0x0000000708200000| PB 0x0000000708200000| Untracked 
|  66|0x0000000708400000, 0x0000000708400000, 0x0000000708600000|  0%| F|  |TAMS 0x0000000708400000| PB 0x0000000708400000| Untracked 
|  67|0x0000000708600000, 0x0000000708600000, 0x0000000708800000|  0%| F|  |TAMS 0x0000000708600000| PB 0x0000000708600000| Untracked 
|  68|0x0000000708800000, 0x0000000708800000, 0x0000000708a00000|  0%| F|  |TAMS 0x0000000708800000| PB 0x0000000708800000| Untracked 
|  69|0x0000000708a00000, 0x0000000708a00000, 0x0000000708c00000|  0%| F|  |TAMS 0x0000000708a00000| PB 0x0000000708a00000| Untracked 
|  70|0x0000000708c00000, 0x0000000708c00000, 0x0000000708e00000|  0%| F|  |TAMS 0x0000000708c00000| PB 0x0000000708c00000| Untracked 
|  71|0x0000000708e00000, 0x0000000708e00000, 0x0000000709000000|  0%| F|  |TAMS 0x0000000708e00000| PB 0x0000000708e00000| Untracked 
|  72|0x0000000709000000, 0x0000000709000000, 0x0000000709200000|  0%| F|  |TAMS 0x0000000709000000| PB 0x0000000709000000| Untracked 
|  73|0x0000000709200000, 0x0000000709200000, 0x0000000709400000|  0%| F|  |TAMS 0x0000000709200000| PB 0x0000000709200000| Untracked 
|  74|0x0000000709400000, 0x0000000709400000, 0x0000000709600000|  0%| F|  |TAMS 0x0000000709400000| PB 0x0000000709400000| Untracked 
|  75|0x0000000709600000, 0x0000000709600000, 0x0000000709800000|  0%| F|  |TAMS 0x0000000709600000| PB 0x0000000709600000| Untracked 
|  76|0x0000000709800000, 0x0000000709800000, 0x0000000709a00000|  0%| F|  |TAMS 0x0000000709800000| PB 0x0000000709800000| Untracked 
|  77|0x0000000709a00000, 0x0000000709a00000, 0x0000000709c00000|  0%| F|  |TAMS 0x0000000709a00000| PB 0x0000000709a00000| Untracked 
|  78|0x0000000709c00000, 0x0000000709c00000, 0x0000000709e00000|  0%| F|  |TAMS 0x0000000709c00000| PB 0x0000000709c00000| Untracked 
|  79|0x0000000709e00000, 0x0000000709e00000, 0x000000070a000000|  0%| F|  |TAMS 0x0000000709e00000| PB 0x0000000709e00000| Untracked 
|  80|0x000000070a000000, 0x000000070a000000, 0x000000070a200000|  0%| F|  |TAMS 0x000000070a000000| PB 0x000000070a000000| Untracked 
|  81|0x000000070a200000, 0x000000070a200000, 0x000000070a400000|  0%| F|  |TAMS 0x000000070a200000| PB 0x000000070a200000| Untracked 
|  82|0x000000070a400000, 0x000000070a400000, 0x000000070a600000|  0%| F|  |TAMS 0x000000070a400000| PB 0x000000070a400000| Untracked 
|  83|0x000000070a600000, 0x000000070a600000, 0x000000070a800000|  0%| F|  |TAMS 0x000000070a600000| PB 0x000000070a600000| Untracked 
|  84|0x000000070a800000, 0x000000070a800000, 0x000000070aa00000|  0%| F|  |TAMS 0x000000070a800000| PB 0x000000070a800000| Untracked 
|  85|0x000000070aa00000, 0x000000070aa00000, 0x000000070ac00000|  0%| F|  |TAMS 0x000000070aa00000| PB 0x000000070aa00000| Untracked 
|  86|0x000000070ac00000, 0x000000070ac00000, 0x000000070ae00000|  0%| F|  |TAMS 0x000000070ac00000| PB 0x000000070ac00000| Untracked 
|  87|0x000000070ae00000, 0x000000070ae00000, 0x000000070b000000|  0%| F|  |TAMS 0x000000070ae00000| PB 0x000000070ae00000| Untracked 
|  88|0x000000070b000000, 0x000000070b000000, 0x000000070b200000|  0%| F|  |TAMS 0x000000070b000000| PB 0x000000070b000000| Untracked 
|  89|0x000000070b200000, 0x000000070b200000, 0x000000070b400000|  0%| F|  |TAMS 0x000000070b200000| PB 0x000000070b200000| Untracked 
|  90|0x000000070b400000, 0x000000070b400000, 0x000000070b600000|  0%| F|  |TAMS 0x000000070b400000| PB 0x000000070b400000| Untracked 
|  91|0x000000070b600000, 0x000000070b600000, 0x000000070b800000|  0%| F|  |TAMS 0x000000070b600000| PB 0x000000070b600000| Untracked 
|  92|0x000000070b800000, 0x000000070b800000, 0x000000070ba00000|  0%| F|  |TAMS 0x000000070b800000| PB 0x000000070b800000| Untracked 
|  93|0x000000070ba00000, 0x000000070ba00000, 0x000000070bc00000|  0%| F|  |TAMS 0x000000070ba00000| PB 0x000000070ba00000| Untracked 
|  94|0x000000070bc00000, 0x000000070bc00000, 0x000000070be00000|  0%| F|  |TAMS 0x000000070bc00000| PB 0x000000070bc00000| Untracked 
|  95|0x000000070be00000, 0x000000070be00000, 0x000000070c000000|  0%| F|  |TAMS 0x000000070be00000| PB 0x000000070be00000| Untracked 
|  96|0x000000070c000000, 0x000000070c000000, 0x000000070c200000|  0%| F|  |TAMS 0x000000070c000000| PB 0x000000070c000000| Untracked 
|  97|0x000000070c200000, 0x000000070c200000, 0x000000070c400000|  0%| F|  |TAMS 0x000000070c200000| PB 0x000000070c200000| Untracked 
|  98|0x000000070c400000, 0x000000070c400000, 0x000000070c600000|  0%| F|  |TAMS 0x000000070c400000| PB 0x000000070c400000| Untracked 
|  99|0x000000070c600000, 0x000000070c600000, 0x000000070c800000|  0%| F|  |TAMS 0x000000070c600000| PB 0x000000070c600000| Untracked 
| 100|0x000000070c800000, 0x000000070c800000, 0x000000070ca00000|  0%| F|  |TAMS 0x000000070c800000| PB 0x000000070c800000| Untracked 
| 101|0x000000070ca00000, 0x000000070ca00000, 0x000000070cc00000|  0%| F|  |TAMS 0x000000070ca00000| PB 0x000000070ca00000| Untracked 
| 102|0x000000070cc00000, 0x000000070cc00000, 0x000000070ce00000|  0%| F|  |TAMS 0x000000070cc00000| PB 0x000000070cc00000| Untracked 
| 103|0x000000070ce00000, 0x000000070ce00000, 0x000000070d000000|  0%| F|  |TAMS 0x000000070ce00000| PB 0x000000070ce00000| Untracked 
| 104|0x000000070d000000, 0x000000070d000000, 0x000000070d200000|  0%| F|  |TAMS 0x000000070d000000| PB 0x000000070d000000| Untracked 
| 105|0x000000070d200000, 0x000000070d200000, 0x000000070d400000|  0%| F|  |TAMS 0x000000070d200000| PB 0x000000070d200000| Untracked 
| 106|0x000000070d400000, 0x000000070d51da38, 0x000000070d600000| 55%| E|  |TAMS 0x000000070d400000| PB 0x000000070d400000| Complete 
| 107|0x000000070d600000, 0x000000070d800000, 0x000000070d800000|100%| E|CS|TAMS 0x000000070d600000| PB 0x000000070d600000| Complete 
| 108|0x000000070d800000, 0x000000070da00000, 0x000000070da00000|100%| E|CS|TAMS 0x000000070d800000| PB 0x000000070d800000| Complete 
| 109|0x000000070da00000, 0x000000070dc00000, 0x000000070dc00000|100%| E|CS|TAMS 0x000000070da00000| PB 0x000000070da00000| Complete 
| 110|0x000000070dc00000, 0x000000070de00000, 0x000000070de00000|100%| E|CS|TAMS 0x000000070dc00000| PB 0x000000070dc00000| Complete 
| 111|0x000000070de00000, 0x000000070e000000, 0x000000070e000000|100%| E|CS|TAMS 0x000000070de00000| PB 0x000000070de00000| Complete 
| 112|0x000000070e000000, 0x000000070e200000, 0x000000070e200000|100%| E|CS|TAMS 0x000000070e000000| PB 0x000000070e000000| Complete 
| 113|0x000000070e200000, 0x000000070e400000, 0x000000070e400000|100%| E|CS|TAMS 0x000000070e200000| PB 0x000000070e200000| Complete 
| 114|0x000000070e400000, 0x000000070e600000, 0x000000070e600000|100%| E|CS|TAMS 0x000000070e400000| PB 0x000000070e400000| Complete 
| 115|0x000000070e600000, 0x000000070e6fb108, 0x000000070e800000| 49%| S|CS|TAMS 0x000000070e600000| PB 0x000000070e600000| Complete 
| 116|0x000000070e800000, 0x000000070ea00000, 0x000000070ea00000|100%| S|CS|TAMS 0x000000070e800000| PB 0x000000070e800000| Complete 
| 117|0x000000070ea00000, 0x000000070ec00000, 0x000000070ec00000|100%| E|CS|TAMS 0x000000070ea00000| PB 0x000000070ea00000| Complete 
| 118|0x000000070ec00000, 0x000000070ee00000, 0x000000070ee00000|100%| E|CS|TAMS 0x000000070ec00000| PB 0x000000070ec00000| Complete 
| 119|0x000000070ee00000, 0x000000070f000000, 0x000000070f000000|100%| E|CS|TAMS 0x000000070ee00000| PB 0x000000070ee00000| Complete 
| 120|0x000000070f000000, 0x000000070f200000, 0x000000070f200000|100%| E|CS|TAMS 0x000000070f000000| PB 0x000000070f000000| Complete 
| 121|0x000000070f200000, 0x000000070f400000, 0x000000070f400000|100%| E|CS|TAMS 0x000000070f200000| PB 0x000000070f200000| Complete 
| 122|0x000000070f400000, 0x000000070f600000, 0x000000070f600000|100%| E|CS|TAMS 0x000000070f400000| PB 0x000000070f400000| Complete 
| 123|0x000000070f600000, 0x000000070f800000, 0x000000070f800000|100%| E|CS|TAMS 0x000000070f600000| PB 0x000000070f600000| Complete 
| 124|0x000000070f800000, 0x000000070fa00000, 0x000000070fa00000|100%| E|CS|TAMS 0x000000070f800000| PB 0x000000070f800000| Complete 
| 125|0x000000070fa00000, 0x000000070fc00000, 0x000000070fc00000|100%| E|CS|TAMS 0x000000070fa00000| PB 0x000000070fa00000| Complete 
| 126|0x000000070fc00000, 0x000000070fe00000, 0x000000070fe00000|100%| E|  |TAMS 0x000000070fc00000| PB 0x000000070fc00000| Complete 
| 127|0x000000070fe00000, 0x0000000710000000, 0x0000000710000000|100%| E|CS|TAMS 0x000000070fe00000| PB 0x000000070fe00000| Complete 
|2047|0x00000007ffe00000, 0x00000007fff03890, 0x0000000800000000| 50%| O|  |TAMS 0x00000007ffe00000| PB 0x00000007ffe00000| Untracked 

Card table byte_map: [0x000000010b000000,0x000000010b800000] _byte_map_base: 0x0000000107800000

Marking Bits: (CMBitMap*) 0x000000014c010210
 Bits: [0x0000000123cd4000, 0x0000000127cd4000)

Polling page: 0x0000000104c7c000

Metaspace:

Usage:
  Non-class:     15.92 MB used.
      Class:      2.39 MB used.
       Both:     18.31 MB used.

Virtual space:
  Non-class space:       64.00 MB reserved,      16.12 MB ( 25%) committed,  1 nodes.
      Class space:        1.00 GB reserved,       2.50 MB ( <1%) committed,  1 nodes.
             Both:        1.06 GB reserved,      18.62 MB (  2%) committed. 

Chunk freelists:
   Non-Class:  14.97 MB
       Class:  13.50 MB
        Both:  28.47 MB

MaxMetaspaceSize: unlimited
CompressedClassSpaceSize: 1.00 GB
Initial GC threshold: 21.00 MB
Current GC threshold: 21.00 MB
CDS: on
 - commit_granule_bytes: 65536.
 - commit_granule_words: 8192.
 - virtual_space_node_default_size: 8388608.
 - enlarge_chunks_in_place: 1.
 - use_allocation_guard: 0.


Internal statistics:

num_allocs_failed_limit: 0.
num_arena_births: 364.
num_arena_deaths: 0.
num_vsnodes_births: 2.
num_vsnodes_deaths: 0.
num_space_committed: 298.
num_space_uncommitted: 0.
num_chunks_returned_to_freelist: 0.
num_chunks_taken_from_freelist: 827.
num_chunk_merges: 0.
num_chunk_splits: 548.
num_chunks_enlarged: 378.
num_inconsistent_stats: 0.

CodeHeap 'non-profiled nmethods': size=120032Kb used=798Kb max_used=798Kb free=119233Kb
 bounds [0x000000011c79c000, 0x000000011ca0c000, 0x0000000123cd4000]
CodeHeap 'profiled nmethods': size=120016Kb used=4092Kb max_used=4092Kb free=115923Kb
 bounds [0x0000000114cd4000, 0x00000001150d4000, 0x000000011c208000]
CodeHeap 'non-nmethods': size=5712Kb used=1743Kb max_used=1779Kb free=3968Kb
 bounds [0x000000011c208000, 0x000000011c478000, 0x000000011c79c000]
 total_blobs=3187 nmethods=2248 adapters=847
 compilation: enabled
              stopped_count=0, restarted_count=0
 full_count=0

Compilation events (20 events):
Event: 7.116 Thread 0x000000013c00b400 2270       3       sun.awt.image.PixelConverter$ArgbPre::rgbToPixel (100 bytes)
Event: 7.116 Thread 0x000000013c00b400 nmethod 2270 0x00000001150cde90 code [0x00000001150ce040, 0x00000001150ce200]
Event: 7.116 Thread 0x000000013c00b400 2271       3       jdk.internal.misc.Unsafe::putReferenceOpaque (9 bytes)
Event: 7.116 Thread 0x000000013c00b400 nmethod 2271 0x00000001150ce290 code [0x00000001150ce400, 0x00000001150ce570]
Event: 7.290 Thread 0x000000013c00b400 2273       3       jdk.internal.org.objectweb.asm.FieldVisitor::<init> (78 bytes)
Event: 7.291 Thread 0x000000013c00b400 nmethod 2273 0x00000001150ce610 code [0x00000001150ce880, 0x00000001150cf018]
Event: 7.291 Thread 0x000000013c00b400 2274       3       java.lang.String::substring (58 bytes)
Event: 7.291 Thread 0x000000013c00b400 nmethod 2274 0x00000001150cf310 code [0x00000001150cf580, 0x00000001150cfbe8]
Event: 7.291 Thread 0x000000013c00b400 2275       3       java.lang.invoke.DirectMethodHandle::makeAllocator (137 bytes)
Event: 7.292 Thread 0x000000013c00b400 nmethod 2275 0x00000001150cfe90 code [0x00000001150d0100, 0x00000001150d0630]
Event: 7.293 Thread 0x000000013c00b400 2276       3       java.util.concurrent.locks.AbstractQueuedSynchronizer$Node::<init> (5 bytes)
Event: 7.293 Thread 0x000000013c00b400 nmethod 2276 0x00000001150d0890 code [0x00000001150d0a40, 0x00000001150d0bb8]
Event: 7.300 Thread 0x000000013c00b400 2277       3       java.util.concurrent.atomic.AtomicBoolean::getAndSet (25 bytes)
Event: 7.301 Thread 0x000000013c00b400 nmethod 2277 0x00000001150d0c90 code [0x00000001150d0f00, 0x00000001150d16c0]
Event: 7.301 Thread 0x000000013c00b400 2278       3       java.lang.invoke.VarHandleInts$FieldInstanceReadWrite::getAndSet (28 bytes)
Event: 7.301 Thread 0x000000013c00b400 nmethod 2278 0x00000001150d1990 code [0x00000001150d1bc0, 0x00000001150d2140]
Event: 7.301 Thread 0x000000013c00b400 2280       3       java.lang.invoke.BoundMethodHandle::bindArgumentL (11 bytes)
Event: 7.301 Thread 0x000000013c00b400 nmethod 2280 0x00000001150d2390 code [0x00000001150d2580, 0x00000001150d2a78]
Event: 7.301 Thread 0x000000013c00b400 2281       3       java.lang.invoke.LambdaFormEditor::bindArgumentL (59 bytes)
Event: 7.302 Thread 0x000000013c00b400 nmethod 2281 0x00000001150d2d10 code [0x00000001150d2f00, 0x00000001150d3238]

GC Heap History (2 events):
Event: 0.371 GC heap before
{Heap before GC invocations=0 (full 0):
 garbage-first heap   total 264192K, used 21518K [0x0000000700000000, 0x0000000800000000)
  region size 2048K, 11 young (22528K), 0 survivors (0K)
 Metaspace       used 5892K, committed 6080K, reserved 1114112K
  class space    used 694K, committed 768K, reserved 1048576K
}
Event: 0.372 GC heap after
{Heap after GC invocations=1 (full 0):
 garbage-first heap   total 264192K, used 4090K [0x0000000700000000, 0x0000000800000000)
  region size 2048K, 2 young (4096K), 2 survivors (4096K)
 Metaspace       used 5892K, committed 6080K, reserved 1114112K
  class space    used 694K, committed 768K, reserved 1048576K
}

Dll operation events (14 events):
Event: 0.003 Loaded shared library /Library/Java/JavaVirtualMachines/jdk-21.jdk/Contents/Home/lib/libjava.dylib
Event: 0.019 Loaded shared library /Library/Java/JavaVirtualMachines/jdk-21.jdk/Contents/Home/lib/libnio.dylib
Event: 0.034 Loaded shared library /Library/Java/JavaVirtualMachines/jdk-21.jdk/Contents/Home/lib/libzip.dylib
Event: 0.119 Loading shared library /Users/seanachan/.gradle/caches/modules-2/files-2.1/org.openjfx/javafx-graphics/22.0.1/e353919d0174b1e4b760103d9ee894bac750e40b/libprism_es2.dylib failed, dlopen(/Users/seanachan/.gradle/caches/modules-2/files-2.1/org.openjfx/javafx
Event: 0.148 Loaded shared library /Users/seanachan/.openjfx/cache/22.0.1+7/aarch64/libprism_es2.dylib
Event: 0.200 Loading shared library /Users/seanachan/.gradle/caches/modules-2/files-2.1/org.openjfx/javafx-graphics/22.0.1/e353919d0174b1e4b760103d9ee894bac750e40b/libglass.dylib failed, dlopen(/Users/seanachan/.gradle/caches/modules-2/files-2.1/org.openjfx/javafx-gra
Event: 0.206 Loaded shared library /Users/seanachan/.openjfx/cache/22.0.1+7/aarch64/libglass.dylib
Event: 0.335 Loaded shared library /Library/Java/JavaVirtualMachines/jdk-21.jdk/Contents/Home/lib/libjimage.dylib
Event: 0.416 Loading shared library /Users/seanachan/.gradle/caches/modules-2/files-2.1/org.openjfx/javafx-graphics/22.0.1/e353919d0174b1e4b760103d9ee894bac750e40b/libjavafx_font.dylib failed, dlopen(/Users/seanachan/.gradle/caches/modules-2/files-2.1/org.openjfx/java
Event: 0.417 Loaded shared library /Users/seanachan/.openjfx/cache/22.0.1+7/aarch64/libjavafx_font.dylib
Event: 2.056 Loaded shared library /Library/Java/JavaVirtualMachines/jdk-21.jdk/Contents/Home/lib/libawt.dylib
Event: 2.062 Loaded shared library /Library/Java/JavaVirtualMachines/jdk-21.jdk/Contents/Home/lib/libawt_lwawt.dylib
Event: 2.076 Loaded shared library /Library/Java/JavaVirtualMachines/jdk-21.jdk/Contents/Home/lib/libfontmanager.dylib
Event: 2.094 Loaded shared library /Library/Java/JavaVirtualMachines/jdk-21.jdk/Contents/Home/lib/libosxui.dylib

Deoptimization events (20 events):
Event: 3.310 Thread 0x000000014cb71600 Uncommon trap: trap_request=0xffffffde fr.pc=0x000000011c833138 relative=0x00000000000008b8
Event: 3.310 Thread 0x000000014cb71600 Uncommon trap: reason=class_check action=maybe_recompile pc=0x000000011c833138 method=java.util.HashMap.putVal(ILjava/lang/Object;Ljava/lang/Object;ZZ)Ljava/lang/Object; @ 91 c2
Event: 3.310 Thread 0x000000014cb71600 DEOPT PACKING pc=0x000000011c833138 sp=0x000000029061c2f0
Event: 3.310 Thread 0x000000014cb71600 DEOPT UNPACKING pc=0x000000011c24b01c sp=0x000000029061c1d0 mode 2
Event: 3.310 Thread 0x000000014cb71600 Uncommon trap: trap_request=0xffffffde fr.pc=0x000000011c833138 relative=0x00000000000008b8
Event: 3.310 Thread 0x000000014cb71600 Uncommon trap: reason=class_check action=maybe_recompile pc=0x000000011c833138 method=java.util.HashMap.putVal(ILjava/lang/Object;Ljava/lang/Object;ZZ)Ljava/lang/Object; @ 91 c2
Event: 3.310 Thread 0x000000014cb71600 DEOPT PACKING pc=0x000000011c833138 sp=0x000000029061c2f0
Event: 3.310 Thread 0x000000014cb71600 DEOPT UNPACKING pc=0x000000011c24b01c sp=0x000000029061c1d0 mode 2
Event: 3.310 Thread 0x000000014cb71600 Uncommon trap: trap_request=0xffffffde fr.pc=0x000000011c833138 relative=0x00000000000008b8
Event: 3.310 Thread 0x000000014cb71600 Uncommon trap: reason=class_check action=maybe_recompile pc=0x000000011c833138 method=java.util.HashMap.putVal(ILjava/lang/Object;Ljava/lang/Object;ZZ)Ljava/lang/Object; @ 91 c2
Event: 3.310 Thread 0x000000014cb71600 DEOPT PACKING pc=0x000000011c833138 sp=0x000000029061c2f0
Event: 3.310 Thread 0x000000014cb71600 DEOPT UNPACKING pc=0x000000011c24b01c sp=0x000000029061c1d0 mode 2
Event: 3.310 Thread 0x000000014cb71600 Uncommon trap: trap_request=0xffffffde fr.pc=0x000000011c82cd24 relative=0x00000000000008a4
Event: 3.310 Thread 0x000000014cb71600 Uncommon trap: reason=class_check action=maybe_recompile pc=0x000000011c82cd24 method=java.util.HashMap.putVal(ILjava/lang/Object;Ljava/lang/Object;ZZ)Ljava/lang/Object; @ 91 c2
Event: 3.310 Thread 0x000000014cb71600 DEOPT PACKING pc=0x000000011c82cd24 sp=0x000000029061c260
Event: 3.310 Thread 0x000000014cb71600 DEOPT UNPACKING pc=0x000000011c24b01c sp=0x000000029061c1d0 mode 2
Event: 3.311 Thread 0x000000014cb71600 Uncommon trap: trap_request=0xffffff45 fr.pc=0x000000011c7b9b88 relative=0x0000000000000488
Event: 3.311 Thread 0x000000014cb71600 Uncommon trap: reason=unstable_if action=reinterpret pc=0x000000011c7b9b88 method=java.lang.String.isLatin1()Z @ 10 c2
Event: 3.311 Thread 0x000000014cb71600 DEOPT PACKING pc=0x000000011c7b9b88 sp=0x000000029061c680
Event: 3.311 Thread 0x000000014cb71600 DEOPT UNPACKING pc=0x000000011c24b01c sp=0x000000029061c5c0 mode 2

Classes loaded (20 events):
Event: 3.321 Loading class sun/awt/im/ExecutableInputMethodManager$3
Event: 3.321 Loading class sun/awt/im/ExecutableInputMethodManager$3 done
Event: 3.322 Loading class sun/lwawt/macosx/CInputMethod
Event: 3.322 Loading class sun/awt/im/InputMethodAdapter
Event: 3.322 Loading class java/awt/im/spi/InputMethod
Event: 3.322 Loading class java/awt/im/spi/InputMethod done
Event: 3.322 Loading class sun/awt/im/InputMethodAdapter done
Event: 3.322 Loading class sun/lwawt/macosx/CInputMethod done
Event: 3.326 Loading class java/awt/KeyboardFocusManager$3
Event: 3.326 Loading class java/awt/KeyboardFocusManager$3 done
Event: 3.326 Loading class sun/awt/im/InputMethodWindow
Event: 3.326 Loading class sun/awt/im/InputMethodWindow done
Event: 3.327 Loading class sun/awt/im/CompositionAreaHandler
Event: 3.327 Loading class sun/awt/im/CompositionAreaHandler done
Event: 3.327 Loading class java/text/AttributedString
Event: 3.327 Loading class java/text/AttributedString done
Event: 3.327 Loading class java/text/AttributedString$AttributedStringIterator
Event: 3.327 Loading class java/text/AttributedCharacterIterator
Event: 3.327 Loading class java/text/AttributedCharacterIterator done
Event: 3.327 Loading class java/text/AttributedString$AttributedStringIterator done

Classes unloaded (0 events):
No events

Classes redefined (0 events):
No events

Internal exceptions (20 events):
Event: 1.905 Thread 0x000000014c120800 Exception <a 'java/lang/NoSuchMethodError'{0x000000070db0d0d0}: 'java.lang.Object java.lang.invoke.Invokers$Holder.linkToTargetMethod(java.lang.Object, long, java.lang.Object)'> (0x000000070db0d0d0) 
thrown [open/src/hotspot/share/interpreter/linkResolver.cpp, line 773]
Event: 2.050 Thread 0x000000014c120800 Exception <a 'java/lang/ClassNotFoundException'{0x000000070db2aaf8}: sun/awt/resources/spi/awtProvider> (0x000000070db2aaf8) 
thrown [open/src/hotspot/share/classfile/systemDictionary.cpp, line 312]
Event: 2.062 Thread 0x000000014c120800 Exception <a 'java/io/FileNotFoundException'{0x000000070db301e0}> (0x000000070db301e0) 
thrown [open/src/hotspot/share/prims/jni.cpp, line 520]
Event: 2.063 Thread 0x000000014c120800 Exception <a 'java/io/FileNotFoundException'{0x000000070db316c8}> (0x000000070db316c8) 
thrown [open/src/hotspot/share/prims/jni.cpp, line 520]
Event: 2.073 Thread 0x000000014c120800 Exception <a 'java/lang/ClassNotFoundException'{0x000000070db4d760}: sun/awt/resources/spi/awtosxProvider> (0x000000070db4d760) 
thrown [open/src/hotspot/share/classfile/systemDictionary.cpp, line 312]
Event: 2.101 Thread 0x000000014c120800 Exception <a 'java/lang/NoSuchMethodError'{0x000000070d81e268}: 'java.lang.Object java.lang.invoke.DirectMethodHandle$Holder.invokeStatic(java.lang.Object, int, java.lang.Object)'> (0x000000070d81e268) 
thrown [open/src/hotspot/share/interpreter/linkResolver.cpp, line 773]
Event: 2.104 Thread 0x000000014c120800 Exception <a 'java/lang/ClassNotFoundException'{0x000000070d84a670}: com/apple/laf/resources/spi/aquaProvider> (0x000000070d84a670) 
thrown [open/src/hotspot/share/classfile/systemDictionary.cpp, line 312]
Event: 2.111 Thread 0x000000014c120800 Exception <a 'java/lang/ClassNotFoundException'{0x000000070d8af3b8}: com/sun/swing/internal/plaf/basic/resources/spi/basicProvider> (0x000000070d8af3b8) 
thrown [open/src/hotspot/share/classfile/systemDictionary.cpp, line 312]
Event: 2.118 Thread 0x000000014c120800 Exception <a 'java/lang/NoSuchMethodError'{0x000000070d8c8100}: 'int java.lang.invoke.Invokers$Holder.invokeExact_MT(java.lang.Object, java.lang.Object)'> (0x000000070d8c8100) 
thrown [open/src/hotspot/share/interpreter/linkResolver.cpp, line 773]
Event: 2.137 Thread 0x000000014c120800 Exception <a 'java/lang/NoSuchMethodError'{0x000000070d9a6858}: 'void java.lang.invoke.Invokers$Holder.invokeExact_MT(java.lang.Object, java.lang.Object, java.lang.Object, java.lang.Object)'> (0x000000070d9a6858) 
thrown [open/src/hotspot/share/interpreter/linkResolver.cpp, line 773]
Event: 2.140 Thread 0x000000014c120800 Exception <a 'java/lang/NoSuchMethodError'{0x000000070d9e9708}: 'java.lang.Object java.lang.invoke.DirectMethodHandle$Holder.newInvokeSpecial(java.lang.Object, java.lang.Object, java.lang.Object, int, java.lang.Object)'> (0x000000070d9e9708) 
thrown [open/src/hotspot/share/interpreter/linkResolver.cpp, line 773]
Event: 2.140 Thread 0x000000014c120800 Exception <a 'java/lang/NoSuchMethodError'{0x000000070d9f0e70}: 'java.lang.Object java.lang.invoke.Invokers$Holder.linkToTargetMethod(java.lang.Object, java.lang.Object, int, java.lang.Object, java.lang.Object)'> (0x000000070d9f0e70) 
thrown [open/src/hotspot/share/interpreter/linkResolver.cpp, line 773]
Event: 2.145 Thread 0x000000014c120800 Exception <a 'java/lang/NoSuchMethodError'{0x000000070d9f7a98}: 'void java.lang.invoke.DirectMethodHandle$Holder.invokeStatic(java.lang.Object, int, long)'> (0x000000070d9f7a98) 
thrown [open/src/hotspot/share/interpreter/linkResolver.cpp, line 773]
Event: 2.148 Thread 0x000000014cb71600 Exception <a 'java/lang/NoSuchMethodError'{0x000000070d63f088}: 'void java.lang.invoke.DirectMethodHandle$Holder.invokeStatic(java.lang.Object, long)'> (0x000000070d63f088) 
thrown [open/src/hotspot/share/interpreter/linkResolver.cpp, line 773]
Event: 2.154 Thread 0x000000014c120800 Exception <a 'java/lang/NoSuchMethodError'{0x000000070d61d028}: 'java.lang.Object java.lang.invoke.Invokers$Holder.linkToTargetMethod(int, int, int, int, java.lang.Object)'> (0x000000070d61d028) 
thrown [open/src/hotspot/share/interpreter/linkResolver.cpp, line 773]
Event: 2.154 Thread 0x000000014c120800 Exception <a 'java/lang/NoSuchMethodError'{0x000000070d620bb8}: 'void java.lang.invoke.DirectMethodHandle$Holder.invokeStatic(java.lang.Object, java.lang.Object, long)'> (0x000000070d620bb8) 
thrown [open/src/hotspot/share/interpreter/linkResolver.cpp, line 773]
Event: 2.691 Thread 0x000000014c120800 Exception <a 'java/lang/NoSuchMethodError'{0x000000070d77c998}: 'void java.lang.invoke.DirectMethodHandle$Holder.invokeSpecial(java.lang.Object, java.lang.Object, long)'> (0x000000070d77c998) 
thrown [open/src/hotspot/share/interpreter/linkResolver.cpp, line 773]
Event: 2.692 Thread 0x000000014c120800 Exception <a 'java/lang/NoSuchMethodError'{0x000000070d7822a0}: 'void java.lang.invoke.DirectMethodHandle$Holder.invokeStatic(java.lang.Object, long, long)'> (0x000000070d7822a0) 
thrown [open/src/hotspot/share/interpreter/linkResolver.cpp, line 773]
Event: 2.692 Thread 0x000000014c120800 Exception <a 'java/lang/NoSuchMethodError'{0x000000070d7875b0}: 'java.lang.Object java.lang.invoke.DirectMethodHandle$Holder.newInvokeSpecial(java.lang.Object, long)'> (0x000000070d7875b0) 
thrown [open/src/hotspot/share/interpreter/linkResolver.cpp, line 773]
Event: 2.695 Thread 0x000000014c120800 Exception <a 'java/lang/NullPointerException'{0x000000070d7910f8}> (0x000000070d7910f8) 
thrown [open/src/hotspot/share/interpreter/linkResolver.cpp, line 1372]

ZGC Phase Switch (0 events):
No events

VM Operations (20 events):
Event: 0.807 Executing VM operation: HandshakeAllThreads (Deoptimize)
Event: 0.807 Executing VM operation: HandshakeAllThreads (Deoptimize) done
Event: 1.808 Executing VM operation: Cleanup
Event: 1.808 Executing VM operation: Cleanup done
Event: 2.072 Executing VM operation: HandshakeAllThreads (Deoptimize)
Event: 2.072 Executing VM operation: HandshakeAllThreads (Deoptimize) done
Event: 2.085 Executing VM operation: HandshakeAllThreads (Deoptimize)
Event: 2.085 Executing VM operation: HandshakeAllThreads (Deoptimize) done
Event: 2.134 Executing VM operation: ICBufferFull
Event: 2.134 Executing VM operation: ICBufferFull done
Event: 3.136 Executing VM operation: Cleanup
Event: 3.136 Executing VM operation: Cleanup done
Event: 4.139 Executing VM operation: Cleanup
Event: 4.139 Executing VM operation: Cleanup done
Event: 5.144 Executing VM operation: Cleanup
Event: 5.144 Executing VM operation: Cleanup done
Event: 6.147 Executing VM operation: Cleanup
Event: 6.147 Executing VM operation: Cleanup done
Event: 7.148 Executing VM operation: Cleanup
Event: 7.148 Executing VM operation: Cleanup done

Events (20 events):
Event: 2.145 Thread 0x000000014cb20e00 Thread added: 0x000000014cb20e00
Event: 2.145 Protecting memory [0x0000000290210000,0x000000029021c000] with protection modes 0
Event: 2.147 Thread 0x000000014cb71600 Thread added: 0x000000014cb71600
Event: 2.147 Protecting memory [0x000000029041c000,0x0000000290428000] with protection modes 0
Event: 3.011 Protecting memory [0x000000016da20000,0x000000016da2c000] with protection modes 3
Event: 3.012 Thread 0x000000013c1b1600 Thread exited: 0x000000013c1b1600
Event: 6.528 Protecting memory [0x0000000325764000,0x0000000325770000] with protection modes 0
Event: 6.528 Thread 0x000000014ca86c00 Thread added: 0x000000014ca86c00
Event: 6.803 Protecting memory [0x0000000325764000,0x0000000325770000] with protection modes 3
Event: 6.803 Thread 0x000000014ca86c00 Thread exited: 0x000000014ca86c00
Event: 7.302 Protecting memory [0x000000016dbc4000,0x000000016dbd0000] with protection modes 3
Event: 7.302 Thread 0x000000013c190800 Thread exited: 0x000000013c190800
Event: 7.302 Protecting memory [0x000000016a99c000,0x000000016a9a8000] with protection modes 3
Event: 7.302 Protecting memory [0x000000016b224000,0x000000016b230000] with protection modes 3
Event: 7.302 Thread 0x000000014c120800 Thread exited: 0x000000014c120800
Event: 7.302 Thread 0x000000014c00c800 Thread exited: 0x000000014c00c800
Event: 7.302 Protecting memory [0x000000016d608000,0x000000016d614000] with protection modes 3
Event: 7.302 Thread 0x000000014c814200 Thread exited: 0x000000014c814200
Event: 7.302 Protecting memory [0x000000016b224000,0x000000016b230000] with protection modes 0
Event: 7.302 Thread 0x000000014d832600 Thread added: 0x000000014d832600


Dynamic libraries:
0x00000001050ec000 	/Library/Java/JavaVirtualMachines/jdk-21.jdk/Contents/Home/lib/libjli.dylib
0x000000019daa1000 	/System/Library/Frameworks/Cocoa.framework/Versions/A/Cocoa
0x0000000187625000 	/System/Library/Frameworks/AppKit.framework/Versions/C/AppKit
0x000000018a659000 	/System/Library/Frameworks/CoreData.framework/Versions/A/CoreData
0x0000000184f31000 	/System/Library/Frameworks/Foundation.framework/Versions/C/Foundation
0x0000000190635000 	/usr/lib/libSystem.B.dylib
0x0000000188940000 	/System/Library/PrivateFrameworks/UIFoundation.framework/Versions/A/UIFoundation
0x00000001fa836000 	/System/Library/PrivateFrameworks/CollectionViewCore.framework/Versions/A/CollectionViewCore
0x00000001977d9000 	/System/Library/PrivateFrameworks/RemoteViewServices.framework/Versions/A/RemoteViewServices
0x000000018e6d8000 	/System/Library/PrivateFrameworks/XCTTargetBootstrap.framework/Versions/A/XCTTargetBootstrap
0x0000000192c1e000 	/System/Library/PrivateFrameworks/InternationalSupport.framework/Versions/A/InternationalSupport
0x0000000192ca6000 	/System/Library/PrivateFrameworks/UserActivity.framework/Versions/A/UserActivity
0x000000021cafe000 	/System/Library/PrivateFrameworks/WindowManagement.framework/Versions/A/WindowManagement
0x0000000184bbb000 	/System/Library/Frameworks/SystemConfiguration.framework/Versions/A/SystemConfiguration
0x00000001920c0000 	/usr/lib/libspindump.dylib
0x0000000188af5000 	/System/Library/Frameworks/UniformTypeIdentifiers.framework/Versions/A/UniformTypeIdentifiers
0x000000018c62f000 	/usr/lib/libapp_launch_measurement.dylib
0x000000018ba41000 	/System/Library/PrivateFrameworks/CoreAnalytics.framework/Versions/A/CoreAnalytics
0x000000018c636000 	/System/Library/PrivateFrameworks/CoreAutoLayout.framework/Versions/A/CoreAutoLayout
0x000000018df02000 	/System/Library/Frameworks/Metal.framework/Versions/A/Metal
0x000000018ee48000 	/usr/lib/liblangid.dylib
0x000000018e6de000 	/System/Library/PrivateFrameworks/CoreSVG.framework/Versions/A/CoreSVG
0x00000001894af000 	/System/Library/PrivateFrameworks/SkyLight.framework/Versions/A/SkyLight
0x0000000189945000 	/System/Library/Frameworks/CoreGraphics.framework/Versions/A/CoreGraphics
0x0000000197f21000 	/System/Library/Frameworks/Accelerate.framework/Versions/A/Accelerate
0x0000000191f1e000 	/System/Library/PrivateFrameworks/IconServices.framework/Versions/A/IconServices
0x000000018dee0000 	/System/Library/Frameworks/IOSurface.framework/Versions/A/IOSurface
0x000000018ba70000 	/usr/lib/libDiagnosticMessagesClient.dylib
0x0000000190578000 	/usr/lib/libz.1.dylib
0x000000019b60f000 	/System/Library/Frameworks/ApplicationServices.framework/Versions/A/ApplicationServices
0x000000018e6c0000 	/System/Library/PrivateFrameworks/DFRFoundation.framework/Versions/A/DFRFoundation
0x0000000186e91000 	/usr/lib/libicucore.A.dylib
0x0000000193c83000 	/System/Library/Frameworks/AudioToolbox.framework/Versions/A/AudioToolbox
0x0000000192c2b000 	/System/Library/PrivateFrameworks/DataDetectorsCore.framework/Versions/A/DataDetectorsCore
0x00000001abe79000 	/System/Library/PrivateFrameworks/TextInput.framework/Versions/A/TextInput
0x0000000189402000 	/usr/lib/libMobileGestalt.dylib
0x000000018e400000 	/System/Library/Frameworks/Carbon.framework/Versions/A/Frameworks/HIToolbox.framework/Versions/A/HIToolbox
0x000000018bf42000 	/System/Library/Frameworks/QuartzCore.framework/Versions/A/QuartzCore
0x0000000186acf000 	/System/Library/Frameworks/Security.framework/Versions/A/Security
0x0000000197819000 	/System/Library/Frameworks/Carbon.framework/Versions/A/Frameworks/SpeechRecognition.framework/Versions/A/SpeechRecognition
0x000000018c35d000 	/System/Library/PrivateFrameworks/CoreUI.framework/Versions/A/CoreUI
0x00000001863dc000 	/System/Library/Frameworks/CoreAudio.framework/Versions/A/CoreAudio
0x000000018bb54000 	/System/Library/Frameworks/DiskArbitration.framework/Versions/A/DiskArbitration
0x0000000192516000 	/System/Library/PrivateFrameworks/MultitouchSupport.framework/Versions/A/MultitouchSupport
0x0000000189400000 	/usr/lib/libenergytrace.dylib
0x00000001a1a75000 	/System/Library/PrivateFrameworks/RenderBox.framework/Versions/A/RenderBox
0x00000001874db000 	/System/Library/Frameworks/IOKit.framework/Versions/A/IOKit
0x0000000197c1d000 	/System/Library/Frameworks/CoreServices.framework/Versions/A/CoreServices
0x000000018c5bb000 	/System/Library/PrivateFrameworks/PerformanceAnalysis.framework/Versions/A/PerformanceAnalysis
0x00000001ec488000 	/System/Library/Frameworks/OpenGL.framework/Versions/A/OpenGL
0x000000018c680000 	/usr/lib/libxml2.2.dylib
0x000000018fa75000 	/System/Library/PrivateFrameworks/MobileKeyBag.framework/Versions/A/MobileKeyBag
0x00000001839d0000 	/usr/lib/libobjc.A.dylib
0x0000000183cba000 	/usr/lib/libc++.1.dylib
0x0000000197b9a000 	/System/Library/Frameworks/Accessibility.framework/Versions/A/Accessibility
0x000000018a022000 	/System/Library/Frameworks/ColorSync.framework/Versions/A/ColorSync
0x0000000183e06000 	/System/Library/Frameworks/CoreFoundation.framework/Versions/A/CoreFoundation
0x000000018ea33000 	/System/Library/Frameworks/CoreImage.framework/Versions/A/CoreImage
0x00000001861e7000 	/System/Library/Frameworks/CoreText.framework/Versions/A/CoreText
0x00000001f0c8a000 	/System/Library/Frameworks/CoreTransferable.framework/Versions/A/CoreTransferable
0x00000001f116c000 	/System/Library/Frameworks/DeveloperToolsSupport.framework/Versions/A/DeveloperToolsSupport
0x000000018e719000 	/System/Library/Frameworks/ImageIO.framework/Versions/A/ImageIO
0x00000001f50b9000 	/System/Library/Frameworks/Symbols.framework/Versions/A/Symbols
0x000000019063b000 	/System/Library/PrivateFrameworks/SoftLinking.framework/Versions/A/SoftLinking
0x0000000193655000 	/usr/lib/swift/libswiftCore.dylib
0x00000001a8baa000 	/usr/lib/swift/libswiftCoreFoundation.dylib
0x00000001a683b000 	/usr/lib/swift/libswiftCoreGraphics.dylib
0x00000001a8bf6000 	/usr/lib/swift/libswiftCoreImage.dylib
0x00000001a6842000 	/usr/lib/swift/libswiftDarwin.dylib
0x0000000199290000 	/usr/lib/swift/libswiftDispatch.dylib
0x00000001a8bf7000 	/usr/lib/swift/libswiftIOKit.dylib
0x00000001b45b3000 	/usr/lib/swift/libswiftMetal.dylib
0x00000001c0f35000 	/usr/lib/swift/libswiftOSLog.dylib
0x000000019ba7b000 	/usr/lib/swift/libswiftObjectiveC.dylib
0x00000001b81d3000 	/usr/lib/swift/libswiftQuartzCore.dylib
0x00000001bc226000 	/usr/lib/swift/libswiftUniformTypeIdentifiers.dylib
0x00000001a8bc0000 	/usr/lib/swift/libswiftXPC.dylib
0x0000000224df6000 	/usr/lib/swift/libswift_Concurrency.dylib
0x000000019ba7f000 	/usr/lib/swift/libswiftos.dylib
0x00000001abddd000 	/usr/lib/swift/libswiftsimd.dylib
0x00000001907e8000 	/usr/lib/libcompression.dylib
0x0000000192b78000 	/System/Library/PrivateFrameworks/TextureIO.framework/Versions/A/TextureIO
0x0000000191bd1000 	/usr/lib/libate.dylib
0x000000019062f000 	/usr/lib/system/libcache.dylib
0x00000001905ea000 	/usr/lib/system/libcommonCrypto.dylib
0x0000000190616000 	/usr/lib/system/libcompiler_rt.dylib
0x000000019060c000 	/usr/lib/system/libcopyfile.dylib
0x0000000183b1b000 	/usr/lib/system/libcorecrypto.dylib
0x0000000183bf1000 	/usr/lib/system/libdispatch.dylib
0x0000000183dac000 	/usr/lib/system/libdyld.dylib
0x0000000190625000 	/usr/lib/system/libkeymgr.dylib
0x00000001905c2000 	/usr/lib/system/libmacho.dylib
0x000000018fb5b000 	/usr/lib/system/libquarantine.dylib
0x0000000190622000 	/usr/lib/system/libremovefile.dylib
0x0000000189476000 	/usr/lib/system/libsystem_asl.dylib
0x0000000183ab4000 	/usr/lib/system/libsystem_blocks.dylib
0x0000000183c3b000 	/usr/lib/system/libsystem_c.dylib
0x000000019061a000 	/usr/lib/system/libsystem_collections.dylib
0x000000018ee36000 	/usr/lib/system/libsystem_configuration.dylib
0x000000018deb6000 	/usr/lib/system/libsystem_containermanager.dylib
0x0000000190261000 	/usr/lib/system/libsystem_coreservices.dylib
0x000000018714a000 	/usr/lib/system/libsystem_darwin.dylib
0x0000000225122000 	/usr/lib/system/libsystem_darwindirectory.dylib
0x0000000190626000 	/usr/lib/system/libsystem_dnssd.dylib
0x0000000183c38000 	/usr/lib/system/libsystem_featureflags.dylib
0x0000000183dd9000 	/usr/lib/system/libsystem_info.dylib
0x0000000190587000 	/usr/lib/system/libsystem_m.dylib
0x0000000183bba000 	/usr/lib/system/libsystem_malloc.dylib
0x00000001893e6000 	/usr/lib/system/libsystem_networkextension.dylib
0x00000001875bd000 	/usr/lib/system/libsystem_notify.dylib
0x000000018ee3b000 	/usr/lib/system/libsystem_sandbox.dylib
0x000000019061f000 	/usr/lib/system/libsystem_secinit.dylib
0x0000000183d64000 	/usr/lib/system/libsystem_kernel.dylib
0x0000000183dd2000 	/usr/lib/system/libsystem_platform.dylib
0x0000000183d9f000 	/usr/lib/system/libsystem_pthread.dylib
0x000000018ae4b000 	/usr/lib/system/libsystem_symptoms.dylib
0x0000000183b00000 	/usr/lib/system/libsystem_trace.dylib
0x00000001905f8000 	/usr/lib/system/libunwind.dylib
0x0000000183ab9000 	/usr/lib/system/libxpc.dylib
0x0000000183d48000 	/usr/lib/libc++abi.dylib
0x0000000190604000 	/usr/lib/liboah.dylib
0x0000000191a84000 	/usr/lib/liblzma.5.dylib
0x0000000190637000 	/usr/lib/libfakelink.dylib
0x0000000189012000 	/System/Library/Frameworks/CFNetwork.framework/Versions/A/CFNetwork
0x000000019068b000 	/usr/lib/libarchive.2.dylib
0x0000000195b04000 	/System/Library/Frameworks/Combine.framework/Versions/A/Combine
0x00000001fa84a000 	/System/Library/PrivateFrameworks/CollectionsInternal.framework/Versions/A/CollectionsInternal
0x000000020ff92000 	/System/Library/PrivateFrameworks/ReflectionInternal.framework/Versions/A/ReflectionInternal
0x000000021053f000 	/System/Library/PrivateFrameworks/RuntimeInternal.framework/Versions/A/RuntimeInternal
0x0000000224f3f000 	/usr/lib/swift/libswift_StringProcessing.dylib
0x000000018745a000 	/System/Library/PrivateFrameworks/CoreServicesInternal.framework/Versions/A/CoreServicesInternal
0x000000018fb82000 	/usr/lib/libbsm.0.dylib
0x00000001905ca000 	/usr/lib/system/libkxld.dylib
0x000000018c5f7000 	/System/Library/Frameworks/CoreServices.framework/Versions/A/Frameworks/FSEvents.framework/Versions/A/FSEvents
0x0000000187155000 	/System/Library/Frameworks/CoreServices.framework/Versions/A/Frameworks/CarbonCore.framework/Versions/A/CarbonCore
0x000000018bab9000 	/System/Library/Frameworks/CoreServices.framework/Versions/A/Frameworks/Metadata.framework/Versions/A/Metadata
0x0000000190267000 	/System/Library/Frameworks/CoreServices.framework/Versions/A/Frameworks/OSServices.framework/Versions/A/OSServices
0x0000000190714000 	/System/Library/Frameworks/CoreServices.framework/Versions/A/Frameworks/SearchKit.framework/Versions/A/SearchKit
0x000000018adcd000 	/System/Library/Frameworks/CoreServices.framework/Versions/A/Frameworks/AE.framework/Versions/A/AE
0x00000001842de000 	/System/Library/Frameworks/CoreServices.framework/Versions/A/Frameworks/LaunchServices.framework/Versions/A/LaunchServices
0x0000000191a2d000 	/System/Library/Frameworks/CoreServices.framework/Versions/A/Frameworks/DictionaryServices.framework/Versions/A/DictionaryServices
0x000000018c604000 	/System/Library/Frameworks/CoreServices.framework/Versions/A/Frameworks/SharedFileList.framework/Versions/A/SharedFileList
0x00000001907b3000 	/usr/lib/libapple_nghttp2.dylib
0x000000018aa4f000 	/usr/lib/libsqlite3.dylib
0x000000018ae54000 	/System/Library/Frameworks/Network.framework/Versions/A/Network
0x000000022388d000 	/usr/lib/libCoreEntitlements.dylib
0x000000020b30b000 	/System/Library/PrivateFrameworks/MessageSecurity.framework/Versions/A/MessageSecurity
0x000000018aa35000 	/System/Library/PrivateFrameworks/ProtocolBuffer.framework/Versions/A/ProtocolBuffer
0x0000000190190000 	/System/Library/PrivateFrameworks/AppleFSCompression.framework/Versions/A/AppleFSCompression
0x000000018fb6a000 	/usr/lib/libcoretls.dylib
0x0000000191a9d000 	/usr/lib/libcoretls_cfhelpers.dylib
0x00000001907e2000 	/usr/lib/libpam.2.dylib
0x0000000191b0e000 	/usr/lib/libxar.1.dylib
0x0000000191ef5000 	/usr/lib/libheimdal-asn1.dylib
0x0000000189011000 	/usr/lib/libnetwork.dylib
0x000000019063c000 	/usr/lib/libpcap.A.dylib
0x000000018ae41000 	/usr/lib/libdns_services.dylib
0x000000018ee43000 	/System/Library/PrivateFrameworks/AppleSystemInfo.framework/Versions/A/AppleSystemInfo
0x000000018f86b000 	/System/Library/PrivateFrameworks/IOMobileFramebuffer.framework/Versions/A/IOMobileFramebuffer
0x0000000224e93000 	/usr/lib/swift/libswift_RegexParser.dylib
0x0000000190254000 	/usr/lib/libbz2.1.0.dylib
0x000000018fb5e000 	/usr/lib/libCheckFix.dylib
0x000000018948e000 	/System/Library/PrivateFrameworks/TCC.framework/Versions/A/TCC
0x000000018ee4a000 	/System/Library/PrivateFrameworks/CoreNLP.framework/Versions/A/CoreNLP
0x000000018ba72000 	/System/Library/PrivateFrameworks/MetadataUtilities.framework/Versions/A/MetadataUtilities
0x000000018fb94000 	/usr/lib/libmecab.dylib
0x0000000184c4e000 	/usr/lib/libCRFSuite.dylib
0x000000018fbf0000 	/usr/lib/libgermantok.dylib
0x000000019078b000 	/usr/lib/libThaiTokenizer.dylib
0x000000018bb5d000 	/System/Library/Frameworks/Accelerate.framework/Versions/A/Frameworks/vImage.framework/Versions/A/vImage
0x0000000197bf4000 	/System/Library/Frameworks/Accelerate.framework/Versions/A/Frameworks/vecLib.framework/Versions/A/vecLib
0x0000000191b55000 	/System/Library/Frameworks/Accelerate.framework/Versions/A/Frameworks/vecLib.framework/Versions/A/libvMisc.dylib
0x000000018f747000 	/System/Library/Frameworks/Accelerate.framework/Versions/A/Frameworks/vecLib.framework/Versions/A/libvDSP.dylib
0x00000001846dd000 	/System/Library/Frameworks/Accelerate.framework/Versions/A/Frameworks/vecLib.framework/Versions/A/libBLAS.dylib
0x00000001908bb000 	/System/Library/Frameworks/Accelerate.framework/Versions/A/Frameworks/vecLib.framework/Versions/A/libLAPACK.dylib
0x000000018fbf3000 	/System/Library/Frameworks/Accelerate.framework/Versions/A/Frameworks/vecLib.framework/Versions/A/libLinearAlgebra.dylib
0x00000001907cd000 	/System/Library/Frameworks/Accelerate.framework/Versions/A/Frameworks/vecLib.framework/Versions/A/libSparseBLAS.dylib
0x00000001908b6000 	/System/Library/Frameworks/Accelerate.framework/Versions/A/Frameworks/vecLib.framework/Versions/A/libQuadrature.dylib
0x000000018ef6c000 	/System/Library/Frameworks/Accelerate.framework/Versions/A/Frameworks/vecLib.framework/Versions/A/libBNNS.dylib
0x0000000184b54000 	/System/Library/Frameworks/Accelerate.framework/Versions/A/Frameworks/vecLib.framework/Versions/A/libSparse.dylib
0x0000000209b81000 	/System/Library/PrivateFrameworks/MIL.framework/Versions/A/MIL
0x0000000190672000 	/usr/lib/libiconv.2.dylib
0x00000001905be000 	/usr/lib/libcharset.1.dylib
0x000000018c5d7000 	/System/Library/Frameworks/OpenDirectory.framework/Versions/A/Frameworks/CFOpenDirectory.framework/Versions/A/CFOpenDirectory
0x000000018c5c7000 	/System/Library/Frameworks/OpenDirectory.framework/Versions/A/OpenDirectory
0x0000000191a9f000 	/System/Library/PrivateFrameworks/APFS.framework/Versions/A/APFS
0x000000018fa9b000 	/System/Library/Frameworks/SecurityFoundation.framework/Versions/A/SecurityFoundation
0x0000000191b1d000 	/usr/lib/libutil.dylib
0x0000000207db6000 	/System/Library/PrivateFrameworks/InstalledContentLibrary.framework/Versions/A/InstalledContentLibrary
0x000000018749a000 	/System/Library/PrivateFrameworks/CoreServicesStore.framework/Versions/A/CoreServicesStore
0x00000001f83fe000 	/System/Library/PrivateFrameworks/AppleMobileFileIntegrity.framework/Versions/A/AppleMobileFileIntegrity
0x00000001a8b88000 	/usr/lib/libmis.dylib
0x00000001b869a000 	/System/Library/PrivateFrameworks/MobileSystemServices.framework/Versions/A/MobileSystemServices
0x00000001e98f0000 	/System/Library/PrivateFrameworks/ConfigProfileHelper.framework/Versions/A/ConfigProfileHelper
0x000000019078d000 	/System/Library/PrivateFrameworks/AppleSauce.framework/Versions/A/AppleSauce
0x0000000185b79000 	/System/Library/PrivateFrameworks/LanguageModeling.framework/Versions/A/LanguageModeling
0x0000000191b21000 	/usr/lib/libxslt.1.dylib
0x0000000190679000 	/usr/lib/libcmph.dylib
0x000000018f838000 	/System/Library/PrivateFrameworks/CoreEmoji.framework/Versions/A/CoreEmoji
0x000000018ef66000 	/System/Library/PrivateFrameworks/LinguisticData.framework/Versions/A/LinguisticData
0x0000000184a67000 	/System/Library/PrivateFrameworks/Lexicon.framework/Versions/A/Lexicon
0x000000018fb29000 	/System/Library/PrivateFrameworks/BackgroundTaskManagement.framework/Versions/A/BackgroundTaskManagement
0x0000000223a76000 	/usr/lib/libTLE.dylib
0x00000001923dc000 	/System/Library/PrivateFrameworks/AppleJPEG.framework/Versions/A/AppleJPEG
0x0000000191eda000 	/usr/lib/libexpat.1.dylib
0x00000001929d6000 	/System/Library/Frameworks/ImageIO.framework/Versions/A/Resources/libPng.dylib
0x0000000192a01000 	/System/Library/Frameworks/ImageIO.framework/Versions/A/Resources/libTIFF.dylib
0x0000000192aec000 	/System/Library/Frameworks/ImageIO.framework/Versions/A/Resources/libGIF.dylib
0x0000000192422000 	/System/Library/Frameworks/ImageIO.framework/Versions/A/Resources/libJP2.dylib
0x0000000192a91000 	/System/Library/Frameworks/ImageIO.framework/Versions/A/Resources/libJPEG.dylib
0x0000000192a88000 	/System/Library/Frameworks/ImageIO.framework/Versions/A/Resources/libRadiance.dylib
0x000000018e29b000 	/System/Library/PrivateFrameworks/FontServices.framework/libFontParser.dylib
0x000000018ad6b000 	/System/Library/PrivateFrameworks/RunningBoardServices.framework/Versions/A/RunningBoardServices
0x000000019e335000 	/System/Library/PrivateFrameworks/IOSurfaceAccelerator.framework/Versions/A/IOSurfaceAccelerator
0x0000000192512000 	/System/Library/PrivateFrameworks/WatchdogClient.framework/Versions/A/WatchdogClient
0x0000000185d5c000 	/System/Library/Frameworks/CoreDisplay.framework/Versions/A/CoreDisplay
0x000000018e154000 	/System/Library/Frameworks/CoreMedia.framework/Versions/A/CoreMedia
0x000000018def8000 	/System/Library/PrivateFrameworks/IOAccelerator.framework/Versions/A/IOAccelerator
0x000000018c76a000 	/System/Library/Frameworks/CoreVideo.framework/Versions/A/CoreVideo
0x00000001907e0000 	/System/Library/Frameworks/MetalPerformanceShaders.framework/Versions/A/MetalPerformanceShaders
0x0000000192555000 	/System/Library/Frameworks/VideoToolbox.framework/Versions/A/VideoToolbox
0x000000018c805000 	/System/Library/PrivateFrameworks/UserManagement.framework/Versions/A/UserManagement
0x000000018ac9a000 	/System/Library/PrivateFrameworks/BaseBoard.framework/Versions/A/BaseBoard
0x000000018ee41000 	/System/Library/PrivateFrameworks/AggregateDictionary.framework/Versions/A/AggregateDictionary
0x00000001f837e000 	/System/Library/PrivateFrameworks/AppleKeyStore.framework/Versions/A/AppleKeyStore
0x0000000192a83000 	/System/Library/PrivateFrameworks/GPUWrangler.framework/Versions/A/GPUWrangler
0x0000000192a63000 	/System/Library/PrivateFrameworks/IOPresentment.framework/Versions/A/IOPresentment
0x0000000192a8b000 	/System/Library/PrivateFrameworks/DSExternalDisplay.framework/Versions/A/DSExternalDisplay
0x0000000203f28000 	/System/Library/PrivateFrameworks/GPUCompiler.framework/Versions/32023/Libraries/libllvm-flatbuffers.dylib
0x00000001ec47b000 	/System/Library/Frameworks/OpenGL.framework/Versions/A/Libraries/libCoreFSCache.dylib
0x0000000201160000 	/System/Library/PrivateFrameworks/GPUCompiler.framework/Versions/32023/Libraries/libGPUCompilerUtils.dylib
0x0000000192af2000 	/System/Library/PrivateFrameworks/CMCaptureCore.framework/Versions/A/CMCaptureCore
0x00000001f1271000 	/System/Library/Frameworks/ExtensionFoundation.framework/Versions/A/ExtensionFoundation
0x0000000199acc000 	/System/Library/PrivateFrameworks/CoreTime.framework/Versions/A/CoreTime
0x00000001920ab000 	/System/Library/PrivateFrameworks/AppServerSupport.framework/Versions/A/AppServerSupport
0x0000000194603000 	/System/Library/PrivateFrameworks/perfdata.framework/Versions/A/perfdata
0x0000000185e80000 	/System/Library/PrivateFrameworks/AudioToolboxCore.framework/Versions/A/AudioToolboxCore
0x000000018e12a000 	/System/Library/PrivateFrameworks/caulk.framework/Versions/A/caulk
0x0000000193e7e000 	/usr/lib/libAudioStatistics.dylib
0x00000001a7ee4000 	/System/Library/PrivateFrameworks/SystemPolicy.framework/Versions/A/SystemPolicy
0x0000000194156000 	/usr/lib/libSMC.dylib
0x000000019d930000 	/System/Library/Frameworks/CoreMIDI.framework/Versions/A/CoreMIDI
0x000000019299d000 	/usr/lib/libAudioToolboxUtility.dylib
0x00000001a371a000 	/System/Library/PrivateFrameworks/OSAServicesClient.framework/Versions/A/OSAServicesClient
0x0000000194611000 	/usr/lib/libperfcheck.dylib
0x0000000191dc4000 	/System/Library/PrivateFrameworks/PlugInKit.framework/Versions/A/PlugInKit
0x000000018fa8d000 	/System/Library/PrivateFrameworks/AssertionServices.framework/Versions/A/AssertionServices
0x000000019ca45000 	/System/Library/PrivateFrameworks/ASEProcessing.framework/Versions/A/ASEProcessing
0x00000001c42ec000 	/System/Library/PrivateFrameworks/Symbolication.framework/Versions/A/Symbolication
0x000000020f003000 	/System/Library/PrivateFrameworks/PhotosensitivityProcessing.framework/Versions/A/PhotosensitivityProcessing
0x000000019205d000 	/System/Library/PrivateFrameworks/GraphVisualizer.framework/Versions/A/GraphVisualizer
0x00000001ec4dd000 	/System/Library/Frameworks/OpenGL.framework/Versions/A/Libraries/libGLU.dylib
0x00000001ec49c000 	/System/Library/Frameworks/OpenGL.framework/Versions/A/Libraries/libGFXShared.dylib
0x00000001ec675000 	/System/Library/Frameworks/OpenGL.framework/Versions/A/Libraries/libGL.dylib
0x00000001ec4a5000 	/System/Library/Frameworks/OpenGL.framework/Versions/A/Libraries/libGLImage.dylib
0x00000001ec499000 	/System/Library/Frameworks/OpenGL.framework/Versions/A/Libraries/libCVMSPluginSupport.dylib
0x0000000223a2f000 	/usr/lib/libRosetta.dylib
0x00000001ec482000 	/System/Library/Frameworks/OpenGL.framework/Versions/A/Libraries/libCoreVMClient.dylib
0x00000001ff51a000 	/System/Library/PrivateFrameworks/FontServices.framework/Versions/A/FontServices
0x0000000192069000 	/System/Library/PrivateFrameworks/OTSVG.framework/Versions/A/OTSVG
0x000000018c30b000 	/System/Library/Frameworks/ApplicationServices.framework/Versions/A/Frameworks/ATS.framework/Versions/A/Resources/libFontRegistry.dylib
0x00000001920b5000 	/System/Library/PrivateFrameworks/FontServices.framework/libhvf.dylib
0x00000001ff51b000 	/System/Library/PrivateFrameworks/FontServices.framework/libXTFontStaticRegistryData.dylib
0x000000018edb8000 	/System/Library/Frameworks/MetalPerformanceShaders.framework/Versions/A/Frameworks/MPSCore.framework/Versions/A/MPSCore
0x0000000190103000 	/System/Library/Frameworks/MetalPerformanceShaders.framework/Versions/A/Frameworks/MPSImage.framework/Versions/A/MPSImage
0x000000018fc08000 	/System/Library/Frameworks/MetalPerformanceShaders.framework/Versions/A/Frameworks/MPSNeuralNetwork.framework/Versions/A/MPSNeuralNetwork
0x000000018fff6000 	/System/Library/Frameworks/MetalPerformanceShaders.framework/Versions/A/Frameworks/MPSMatrix.framework/Versions/A/MPSMatrix
0x000000018fe02000 	/System/Library/Frameworks/MetalPerformanceShaders.framework/Versions/A/Frameworks/MPSRayIntersector.framework/Versions/A/MPSRayIntersector
0x0000000190025000 	/System/Library/Frameworks/MetalPerformanceShaders.framework/Versions/A/Frameworks/MPSNDArray.framework/Versions/A/MPSNDArray
0x00000001f2949000 	/System/Library/Frameworks/MetalPerformanceShaders.framework/Versions/A/Frameworks/MPSFunctions.framework/Versions/A/MPSFunctions
0x00000001f292b000 	/System/Library/Frameworks/MetalPerformanceShaders.framework/Versions/A/Frameworks/MPSBenchmarkLoop.framework/Versions/A/MPSBenchmarkLoop
0x0000000184592000 	/System/Library/PrivateFrameworks/MetalTools.framework/Versions/A/MetalTools
0x00000001acf99000 	/System/Library/PrivateFrameworks/IOAccelMemoryInfo.framework/Versions/A/IOAccelMemoryInfo
0x00000001b85a7000 	/System/Library/PrivateFrameworks/kperf.framework/Versions/A/kperf
0x00000001a8b9c000 	/System/Library/PrivateFrameworks/GPURawCounter.framework/Versions/A/GPURawCounter
0x00000001999bc000 	/System/Library/PrivateFrameworks/CoreSymbolication.framework/Versions/A/CoreSymbolication
0x00000001a8b59000 	/System/Library/PrivateFrameworks/MallocStackLogging.framework/Versions/A/MallocStackLogging
0x0000000191c6b000 	/System/Library/PrivateFrameworks/CrashReporterSupport.framework/Versions/A/CrashReporterSupport
0x0000000199977000 	/System/Library/PrivateFrameworks/DebugSymbols.framework/Versions/A/DebugSymbols
0x00000001b78e5000 	/System/Library/PrivateFrameworks/OSAnalytics.framework/Versions/A/OSAnalytics
0x000000021afb8000 	/System/Library/PrivateFrameworks/VideoToolboxParavirtualizationSupport.framework/Versions/A/VideoToolboxParavirtualizationSupport
0x0000000191e8e000 	/System/Library/PrivateFrameworks/AppleVA.framework/Versions/A/AppleVA
0x0000000193ec6000 	/System/Library/Frameworks/ApplicationServices.framework/Versions/A/Frameworks/ATS.framework/Versions/A/ATS
0x000000018a1d1000 	/System/Library/Frameworks/ApplicationServices.framework/Versions/A/Frameworks/HIServices.framework/Versions/A/HIServices
0x0000000192b00000 	/System/Library/Frameworks/ApplicationServices.framework/Versions/A/Frameworks/PrintCore.framework/Versions/A/PrintCore
0x00000001942af000 	/System/Library/Frameworks/ApplicationServices.framework/Versions/A/Frameworks/QD.framework/Versions/A/QD
0x00000001942a3000 	/System/Library/Frameworks/ApplicationServices.framework/Versions/A/Frameworks/ColorSyncLegacy.framework/Versions/A/ColorSyncLegacy
0x0000000193e96000 	/System/Library/Frameworks/ApplicationServices.framework/Versions/A/Frameworks/SpeechSynthesis.framework/Versions/A/SpeechSynthesis
0x0000000192abc000 	/System/Library/Frameworks/ApplicationServices.framework/Versions/A/Frameworks/ATSUI.framework/Versions/A/ATSUI
0x0000000194236000 	/usr/lib/libcups.2.dylib
0x000000019461f000 	/System/Library/Frameworks/Kerberos.framework/Versions/A/Kerberos
0x0000000194630000 	/System/Library/Frameworks/GSS.framework/Versions/A/GSS
0x0000000193f45000 	/usr/lib/libresolv.9.dylib
0x00000001920c6000 	/System/Library/PrivateFrameworks/Heimdal.framework/Versions/A/Heimdal
0x000000019b9e7000 	/System/Library/Frameworks/Kerberos.framework/Versions/A/Libraries/libHeimdalProxy.dylib
0x000000019468a000 	/System/Library/PrivateFrameworks/CommonAuth.framework/Versions/A/CommonAuth
0x00000001f0072000 	/System/Library/Frameworks/AVFAudio.framework/Versions/A/AVFAudio
0x00000001a3769000 	/System/Library/PrivateFrameworks/AXCoreUtilities.framework/Versions/A/AXCoreUtilities
0x0000000193e02000 	/System/Library/PrivateFrameworks/AudioSession.framework/Versions/A/AudioSession
0x00000001958a7000 	/System/Library/Frameworks/IOBluetooth.framework/Versions/A/IOBluetooth
0x0000000191f99000 	/System/Library/PrivateFrameworks/MediaExperience.framework/Versions/A/MediaExperience
0x0000000193c45000 	/System/Library/PrivateFrameworks/AudioSession.framework/libSessionUtility.dylib
0x00000001942bb000 	/System/Library/PrivateFrameworks/AudioResourceArbitration.framework/Versions/A/AudioResourceArbitration
0x000000019894a000 	/System/Library/PrivateFrameworks/PowerLog.framework/Versions/A/PowerLog
0x000000019886d000 	/System/Library/Frameworks/CoreBluetooth.framework/Versions/A/CoreBluetooth
0x000000019b9e8000 	/System/Library/Frameworks/AudioUnit.framework/Versions/A/AudioUnit
0x000000018f8f8000 	/System/Library/PrivateFrameworks/CoreUtils.framework/Versions/A/CoreUtils
0x00000001fd990000 	/System/Library/PrivateFrameworks/CoreUtilsExtras.framework/Versions/A/CoreUtilsExtras
0x0000000207c4d000 	/System/Library/PrivateFrameworks/IO80211.framework/Versions/A/IO80211
0x00000001a3784000 	/usr/lib/libAccessibility.dylib
0x0000000197f6d000 	/System/Library/Frameworks/MediaAccessibility.framework/Versions/A/MediaAccessibility
0x00000001994f3000 	/System/Library/PrivateFrameworks/FrontBoardServices.framework/Versions/A/FrontBoardServices
0x000000019afc5000 	/System/Library/PrivateFrameworks/BackBoardServices.framework/Versions/A/BackBoardServices
0x00000001995ad000 	/System/Library/PrivateFrameworks/BoardServices.framework/Versions/A/BoardServices
0x0000000191f00000 	/System/Library/PrivateFrameworks/IconFoundation.framework/Versions/A/IconFoundation
0x0000000197805000 	/System/Library/PrivateFrameworks/SpeechRecognitionCore.framework/Versions/A/SpeechRecognitionCore
0x00000001c76fe000 	/System/Library/Frameworks/OSLog.framework/Versions/A/OSLog
0x00000001a8ae9000 	/System/Library/PrivateFrameworks/LoggingSupport.framework/Versions/A/LoggingSupport
0x000000010b88c000 	/Library/Java/JavaVirtualMachines/jdk-21.jdk/Contents/Home/lib/server/libjvm.dylib
0x0000000104c90000 	/Library/Java/JavaVirtualMachines/jdk-21.jdk/Contents/Home/lib/libjimage.dylib
0x0000000104cd4000 	/Library/Java/JavaVirtualMachines/jdk-21.jdk/Contents/Home/lib/libjava.dylib
0x0000000104f84000 	/Library/Java/JavaVirtualMachines/jdk-21.jdk/Contents/Home/lib/libnio.dylib
0x0000000104f64000 	/Library/Java/JavaVirtualMachines/jdk-21.jdk/Contents/Home/lib/libnet.dylib
0x0000000104fcc000 	/Library/Java/JavaVirtualMachines/jdk-21.jdk/Contents/Home/lib/libzip.dylib
0x0000000104fa4000 	/Users/seanachan/.openjfx/cache/22.0.1+7/aarch64/libprism_es2.dylib
0x00000001a7880000 	/System/Library/Frameworks/Carbon.framework/Versions/A/Carbon
0x000000019fafc000 	/System/Library/Frameworks/Carbon.framework/Versions/A/Frameworks/CommonPanels.framework/Versions/A/CommonPanels
0x000000019b2fd000 	/System/Library/Frameworks/Carbon.framework/Versions/A/Frameworks/Help.framework/Versions/A/Help
0x000000019fb00000 	/System/Library/Frameworks/Carbon.framework/Versions/A/Frameworks/ImageCapture.framework/Versions/A/ImageCapture
0x000000019fad4000 	/System/Library/Frameworks/Carbon.framework/Versions/A/Frameworks/OpenScripting.framework/Versions/A/OpenScripting
0x000000019faf8000 	/System/Library/Frameworks/Carbon.framework/Versions/A/Frameworks/Ink.framework/Versions/A/Ink
0x000000019faf4000 	/System/Library/Frameworks/Carbon.framework/Versions/A/Frameworks/SecurityHI.framework/Versions/A/SecurityHI
0x00000001ec67f000 	/System/Library/Frameworks/OpenGL.framework/Versions/A/Resources/GLEngine.bundle/GLEngine
0x00000001ec517000 	/System/Library/Frameworks/OpenGL.framework/Versions/A/Libraries/libGLProgrammability.dylib
0x000000010553c000 	/System/Library/Extensions/AppleMetalOpenGLRenderer.bundle/Contents/MacOS/AppleMetalOpenGLRenderer
0x00000001ec7df000 	/System/Library/Frameworks/OpenGL.framework/Versions/A/Resources/GLRendererFloat.bundle/GLRendererFloat
0x00000001ea7ad000 	/System/Library/Extensions/AGXMetalG13X.bundle/Contents/MacOS/AGXMetalG13X
0x00000001a26b5000 	/System/Library/PrivateFrameworks/IOGPU.framework/Versions/A/IOGPU
0x000000010574c000 	/Users/seanachan/.openjfx/cache/22.0.1+7/aarch64/libglass.dylib
0x0000000198b8f000 	/System/Library/Frameworks/FileProvider.framework/Versions/A/FileProvider
0x000000018ac00000 	/System/Library/Frameworks/Accounts.framework/Versions/A/Accounts
0x0000000198d3b000 	/System/Library/PrivateFrameworks/GenerationalStorage.framework/Versions/A/GenerationalStorage
0x000000019893e000 	/System/Library/PrivateFrameworks/SymptomDiagnosticReporter.framework/Versions/A/SymptomDiagnosticReporter
0x0000000188b0b000 	/System/Library/PrivateFrameworks/DesktopServicesPriv.framework/Versions/A/DesktopServicesPriv
0x00000001875ce000 	/usr/lib/libsandbox.1.dylib
0x0000000194296000 	/System/Library/PrivateFrameworks/NetAuth.framework/Versions/A/NetAuth
0x0000000195509000 	/System/Library/PrivateFrameworks/Sharing.framework/Versions/A/Sharing
0x000000018c7c8000 	/System/Library/PrivateFrameworks/login.framework/Versions/A/Frameworks/loginsupport.framework/Versions/A/loginsupport
0x000000019adfe000 	/System/Library/PrivateFrameworks/Apple80211.framework/Versions/A/Apple80211
0x0000000190299000 	/System/Library/PrivateFrameworks/AuthKit.framework/Versions/A/AuthKit
0x000000018f87b000 	/System/Library/Frameworks/CoreWLAN.framework/Versions/A/CoreWLAN
0x00000001a8ba0000 	/usr/lib/swift/libswiftCoreAudio.dylib
0x00000001add10000 	/usr/lib/swift/libswiftCoreLocation.dylib
0x0000000191c62000 	/usr/lib/libIOReport.dylib
0x000000019ae02000 	/System/Library/PrivateFrameworks/CoreWiFi.framework/Versions/A/CoreWiFi
0x00000001ce4b5000 	/System/Library/PrivateFrameworks/WiFiPeerToPeer.framework/Versions/A/WiFiPeerToPeer
0x0000000190431000 	/System/Library/Frameworks/UserNotifications.framework/Versions/A/UserNotifications
0x00000001947c6000 	/System/Library/PrivateFrameworks/CorePhoneNumbers.framework/Versions/A/CorePhoneNumbers
0x0000000193f72000 	/System/Library/PrivateFrameworks/MultiverseSupport.framework/Versions/A/MultiverseSupport
0x000000019b253000 	/System/Library/PrivateFrameworks/RemoteServiceDiscovery.framework/Versions/A/RemoteServiceDiscovery
0x0000000198a6b000 	/System/Library/PrivateFrameworks/DiskManagement.framework/Versions/A/DiskManagement
0x0000000198972000 	/System/Library/PrivateFrameworks/AppleIDAuthSupport.framework/Versions/A/AppleIDAuthSupport
0x00000001f6470000 	/System/Library/PrivateFrameworks/AAAFoundation.framework/Versions/A/AAAFoundation
0x000000019479a000 	/System/Library/PrivateFrameworks/KeychainCircle.framework/Versions/A/KeychainCircle
0x000000019b267000 	/System/Library/PrivateFrameworks/RemoteXPC.framework/Versions/A/RemoteXPC
0x000000019b309000 	/usr/lib/libcsfde.dylib
0x0000000191e0a000 	/usr/lib/libCoreStorage.dylib
0x0000000198a37000 	/System/Library/PrivateFrameworks/MediaKit.framework/Versions/A/MediaKit
0x000000019897f000 	/System/Library/Frameworks/DiscRecording.framework/Versions/A/DiscRecording
0x0000000195986000 	/System/Library/PrivateFrameworks/ProtectedCloudStorage.framework/Versions/A/ProtectedCloudStorage
0x000000019b301000 	/System/Library/PrivateFrameworks/EFILogin.framework/Versions/A/EFILogin
0x0000000198d63000 	/System/Library/PrivateFrameworks/OctagonTrust.framework/Versions/A/OctagonTrust
0x000000018dda5000 	/System/Library/Frameworks/CoreLocation.framework/Versions/A/CoreLocation
0x0000000195c41000 	/System/Library/PrivateFrameworks/GeoServices.framework/Versions/A/GeoServices
0x0000000193c0f000 	/System/Library/PrivateFrameworks/LocationSupport.framework/Versions/A/LocationSupport
0x0000000204bb7000 	/System/Library/PrivateFrameworks/GeoServicesCore.framework/Versions/A/GeoServicesCore
0x00000001a375e000 	/System/Library/PrivateFrameworks/PhoneNumbers.framework/Versions/A/PhoneNumbers
0x0000000191e02000 	/usr/lib/libMatch.1.dylib
0x00000001adcf6000 	/System/Library/Frameworks/Accelerate.framework/Versions/A/Frameworks/vImage.framework/Versions/A/Libraries/libCGInterfaces.dylib
0x0000000129cd4000 	/usr/lib/libobjc-trampolines.dylib
0x0000000223756000 	/usr/lib/libAccessibilityBaseImplementations.dylib
0x000000018c4ab000 	/System/Library/PrivateFrameworks/ViewBridge.framework/Versions/A/ViewBridge
0x000000013b9d8000 	/Users/seanachan/.openjfx/cache/22.0.1+7/aarch64/libjavafx_font.dylib
0x0000000192196000 	/System/Library/PrivateFrameworks/login.framework/Versions/A/login
0x00000001996c3000 	/System/Library/Frameworks/LocalAuthentication.framework/Versions/A/LocalAuthentication
0x0000000209a81000 	/System/Library/PrivateFrameworks/LocalAuthenticationCore.framework/Versions/A/LocalAuthenticationCore
0x000000019970a000 	/System/Library/Frameworks/LocalAuthentication.framework/Support/SharedUtils.framework/Versions/A/SharedUtils
0x0000000199660000 	/System/Library/Frameworks/CryptoTokenKit.framework/Versions/A/CryptoTokenKit
0x0000000217799000 	/System/Library/PrivateFrameworks/TextInputUI.framework/Versions/A/TextInputUI
0x00000002177a1000 	/System/Library/PrivateFrameworks/TextInputUIMacHelper.framework/Versions/A/TextInputUIMacHelper
0x000000014d484000 	/Library/Java/JavaVirtualMachines/jdk-21.jdk/Contents/Home/lib/libawt.dylib
0x000000014d534000 	/Library/Java/JavaVirtualMachines/jdk-21.jdk/Contents/Home/lib/libmlib_image.dylib
0x00000001f1ec1000 	/System/Library/Frameworks/JavaRuntimeSupport.framework/Versions/A/JavaRuntimeSupport
0x000000014d6c4000 	/Library/Java/JavaVirtualMachines/jdk-21.jdk/Contents/Home/lib/libawt_lwawt.dylib
0x000000014d428000 	/Library/Java/JavaVirtualMachines/jdk-21.jdk/Contents/Home/lib/libosxapp.dylib
0x00000001a68b7000 	/System/Library/Frameworks/ExceptionHandling.framework/Versions/A/ExceptionHandling
0x0000000166404000 	/Library/Java/JavaVirtualMachines/jdk-21.jdk/Contents/Home/lib/libfontmanager.dylib
0x000000014fc74000 	/Library/Java/JavaVirtualMachines/jdk-21.jdk/Contents/Home/lib/libfreetype.dylib
0x000000014d450000 	/Library/Java/JavaVirtualMachines/jdk-21.jdk/Contents/Home/lib/libosxui.dylib


VM Arguments:
jvm_args: --module-path=/Users/seanachan/.gradle/caches/modules-2/files-2.1/org.openjfx/javafx-fxml/22.0.1/d8cde10384147ea2f9c99df68f0aaf2e439f7113/javafx-fxml-22.0.1-mac-aarch64.jar:/Users/seanachan/.gradle/caches/modules-2/files-2.1/org.openjfx/javafx-controls/22.0.1/461634308b581283dd704de9f196a6e9ca945f2a/javafx-controls-22.0.1-mac-aarch64.jar:/Users/seanachan/.gradle/caches/modules-2/files-2.1/org.openjfx/javafx-graphics/22.0.1/e353919d0174b1e4b760103d9ee894bac750e40b/javafx-graphics-22.0.1-mac-aarch64.jar:/Users/seanachan/.gradle/caches/modules-2/files-2.1/org.openjfx/javafx-base/22.0.1/fd9e52ab57af9a7cefebd71687884c02e7d619a3/javafx-base-22.0.1-mac-aarch64.jar --add-modules=javafx.controls,javafx.fxml -Dfile.encoding=UTF-8 -Duser.country=TW -Duser.language=zh -Duser.variant 
java_command: com.mario.Main
java_class_path (initial): /Users/seanachan/NCKU/PD2_final_project/app/build/classes/java/main:/Users/seanachan/NCKU/PD2_final_project/app/build/resources/main:/Users/seanachan/.gradle/caches/modules-2/files-2.1/com.google.guava/guava/32.1.3-jre/f306708742ce2bf0fb0901216183bc14073feae/guava-32.1.3-jre.jar:/Users/seanachan/.gradle/caches/modules-2/files-2.1/com.formdev/flatlaf/3.4.1/59161ce93728eaec725a26d646f7eff1d363decd/flatlaf-3.4.1.jar:/Users/seanachan/.gradle/caches/modules-2/files-2.1/com.google.guava/failureaccess/1.0.1/1dcf1de382a0bf95a3d8b0849546c88bac1292c9/failureaccess-1.0.1.jar:/Users/seanachan/.gradle/caches/modules-2/files-2.1/com.google.guava/listenablefuture/9999.0-empty-to-avoid-conflict-with-guava/b421526c5f297295adef1c886e5246c39d4ac629/listenablefuture-9999.0-empty-to-avoid-conflict-with-guava.jar:/Users/seanachan/.gradle/caches/modules-2/files-2.1/com.google.code.findbugs/jsr305/3.0.2/25ea2e8b0c338a877313bd4672d3fe056ea78f0d/jsr305-3.0.2.jar:/Users/seanachan/.gradle/caches/modules-2/files-2.1/org.checkerframework/checker-qual/3.37.0/ba74746d38026581c12166e164bb3c15e90cc4ea/checker-qual-3.37.0.jar:/Users/seanachan/.gradle/caches/modules-2/files-2.1/com.google.errorprone/error_prone_annotations/2.21.1/6d9b10773b5237df178a7b3c1b4208df7d0e7f94/error_prone_annotations-2.21.1.jar
Launcher Type: SUN_STANDARD

[Global flags]
     intx CICompilerCount                          = 4                                         {product} {ergonomic}
     uint ConcGCThreads                            = 2                                         {product} {ergonomic}
     uint G1ConcRefinementThreads                  = 9                                         {product} {ergonomic}
   size_t G1HeapRegionSize                         = 2097152                                   {product} {ergonomic}
    uintx GCDrainStackTargetSize                   = 64                                        {product} {ergonomic}
   size_t InitialHeapSize                          = 268435456                                 {product} {ergonomic}
   size_t MarkStackSize                            = 4194304                                   {product} {ergonomic}
   size_t MaxHeapSize                              = 4294967296                                {product} {ergonomic}
   size_t MaxNewSize                               = 2575302656                                {product} {ergonomic}
   size_t MinHeapDeltaBytes                        = 2097152                                   {product} {ergonomic}
   size_t MinHeapSize                              = 8388608                                   {product} {ergonomic}
    uintx NonNMethodCodeHeapSize                   = 5839564                                {pd product} {ergonomic}
    uintx NonProfiledCodeHeapSize                  = 122909338                              {pd product} {ergonomic}
    uintx ProfiledCodeHeapSize                     = 122909338                              {pd product} {ergonomic}
    uintx ReservedCodeCacheSize                    = 251658240                              {pd product} {ergonomic}
     bool SegmentedCodeCache                       = true                                      {product} {ergonomic}
   size_t SoftMaxHeapSize                          = 4294967296                             {manageable} {ergonomic}
     bool UseCompressedOops                        = true                           {product lp64_product} {ergonomic}
     bool UseG1GC                                  = true                                      {product} {ergonomic}
     bool UseNUMA                                  = false                                     {product} {ergonomic}
     bool UseNUMAInterleaving                      = false                                     {product} {ergonomic}
